The system is: Linux - 4.15.0-76-generic - x86_64
Compiling the C compiler identification source file "CMakeCCompilerId.c" succeeded.
Compiler: /usr/bin/cc 
Build flags: 
Id flags:  

The output was:
0


Compilation of the C compiler identification source "CMakeCCompilerId.c" produced "a.out"

The C compiler identification is GNU, found in "/home/u59809/IntelOneAPI/src/oneAPI-samples/DPC++FPGA/Tutorials/GettingStarted/fpga_compile/src/build/CMakeFiles/3.10.2/CompilerIdC/a.out"

Compiling the CXX compiler identification source file "CMakeCXXCompilerId.cpp" succeeded.
Compiler: /usr/bin/c++ 
Build flags: 
Id flags:  

The output was:
0


Compilation of the CXX compiler identification source "CMakeCXXCompilerId.cpp" produced "a.out"

The CXX compiler identification is GNU, found in "/home/u59809/IntelOneAPI/src/oneAPI-samples/DPC++FPGA/Tutorials/GettingStarted/fpga_compile/src/build/CMakeFiles/3.10.2/CompilerIdCXX/a.out"

Determining if the C compiler works passed with the following output:
Change Dir: /home/u59809/IntelOneAPI/src/oneAPI-samples/DPC++FPGA/Tutorials/GettingStarted/fpga_compile/src/build/CMakeFiles/CMakeTmp

Run Build Command:"/usr/bin/make" "cmTC_4b8eb/fast"
/usr/bin/make -f CMakeFiles/cmTC_4b8eb.dir/build.make CMakeFiles/cmTC_4b8eb.dir/build
make[1]: Entering directory '/home/u59809/IntelOneAPI/src/oneAPI-samples/DPC++FPGA/Tutorials/GettingStarted/fpga_compile/src/build/CMakeFiles/CMakeTmp'
Building C object CMakeFiles/cmTC_4b8eb.dir/testCCompiler.c.o
/usr/bin/cc    -o CMakeFiles/cmTC_4b8eb.dir/testCCompiler.c.o   -c /home/u59809/IntelOneAPI/src/oneAPI-samples/DPC++FPGA/Tutorials/GettingStarted/fpga_compile/src/build/CMakeFiles/CMakeTmp/testCCompiler.c
Linking C executable cmTC_4b8eb
/usr/bin/cmake -E cmake_link_script CMakeFiles/cmTC_4b8eb.dir/link.txt --verbose=1
/usr/bin/cc      -rdynamic CMakeFiles/cmTC_4b8eb.dir/testCCompiler.c.o  -o cmTC_4b8eb 
make[1]: Leaving directory '/home/u59809/IntelOneAPI/src/oneAPI-samples/DPC++FPGA/Tutorials/GettingStarted/fpga_compile/src/build/CMakeFiles/CMakeTmp'


Detecting C compiler ABI info compiled with the following output:
Change Dir: /home/u59809/IntelOneAPI/src/oneAPI-samples/DPC++FPGA/Tutorials/GettingStarted/fpga_compile/src/build/CMakeFiles/CMakeTmp

Run Build Command:"/usr/bin/make" "cmTC_956c9/fast"
/usr/bin/make -f CMakeFiles/cmTC_956c9.dir/build.make CMakeFiles/cmTC_956c9.dir/build
make[1]: Entering directory '/home/u59809/IntelOneAPI/src/oneAPI-samples/DPC++FPGA/Tutorials/GettingStarted/fpga_compile/src/build/CMakeFiles/CMakeTmp'
Building C object CMakeFiles/cmTC_956c9.dir/CMakeCCompilerABI.c.o
/usr/bin/cc    -o CMakeFiles/cmTC_956c9.dir/CMakeCCompilerABI.c.o   -c /usr/share/cmake-3.10/Modules/CMakeCCompilerABI.c
Linking C executable cmTC_956c9
/usr/bin/cmake -E cmake_link_script CMakeFiles/cmTC_956c9.dir/link.txt --verbose=1
/usr/bin/cc     -v -rdynamic CMakeFiles/cmTC_956c9.dir/CMakeCCompilerABI.c.o  -o cmTC_956c9 
Using built-in specs.
COLLECT_GCC=/usr/bin/cc
COLLECT_LTO_WRAPPER=/usr/lib/gcc/x86_64-linux-gnu/7/lto-wrapper
OFFLOAD_TARGET_NAMES=nvptx-none
OFFLOAD_TARGET_DEFAULT=1
Target: x86_64-linux-gnu
Configured with: ../src/configure -v --with-pkgversion='Ubuntu 7.4.0-1ubuntu1~18.04.1' --with-bugurl=file:///usr/share/doc/gcc-7/README.Bugs --enable-languages=c,ada,c++,go,brig,d,fortran,objc,obj-c++ --prefix=/usr --with-gcc-major-version-only --program-suffix=-7 --program-prefix=x86_64-linux-gnu- --enable-shared --enable-linker-build-id --libexecdir=/usr/lib --without-included-gettext --enable-threads=posix --libdir=/usr/lib --enable-nls --with-sysroot=/ --enable-clocale=gnu --enable-libstdcxx-debug --enable-libstdcxx-time=yes --with-default-libstdcxx-abi=new --enable-gnu-unique-object --disable-vtable-verify --enable-libmpx --enable-plugin --enable-default-pie --with-system-zlib --with-target-system-zlib --enable-objc-gc=auto --enable-multiarch --disable-werror --with-arch-32=i686 --with-abi=m64 --with-multilib-list=m32,m64,mx32 --enable-multilib --with-tune=generic --enable-offload-targets=nvptx-none --without-cuda-driver --enable-checking=release --build=x86_64-linux-gnu --host=x86_64-linux-gnu --target=x86_64-linux-gnu
Thread model: posix
gcc version 7.4.0 (Ubuntu 7.4.0-1ubuntu1~18.04.1) 
COMPILER_PATH=/usr/lib/gcc/x86_64-linux-gnu/7/:/usr/lib/gcc/x86_64-linux-gnu/7/:/usr/lib/gcc/x86_64-linux-gnu/:/usr/lib/gcc/x86_64-linux-gnu/7/:/usr/lib/gcc/x86_64-linux-gnu/
LIBRARY_PATH=/glob/development-tools/versions/oneapi/2021.2/inteloneapi/vpl/2021.2.2/lib/../lib/:/glob/development-tools/versions/oneapi/2021.2/inteloneapi/mpi/2021.2.0//libfabric/lib/../lib/:/glob/development-tools/versions/oneapi/2021.2/inteloneapi/mpi/2021.2.0//lib/../lib/:/glob/development-tools/versions/oneapi/2021.2/inteloneapi/dnnl/2021.2.0/cpu_dpcpp_gpu_dpcpp/lib/../lib/:/glob/development-tools/versions/oneapi/2021.2/inteloneapi/compiler/2021.2.0/linux/lib/../lib/:/usr/lib/gcc/x86_64-linux-gnu/7/:/usr/lib/gcc/x86_64-linux-gnu/7/../../../x86_64-linux-gnu/:/usr/lib/gcc/x86_64-linux-gnu/7/../../../../lib/:/lib/x86_64-linux-gnu/:/lib/../lib/:/usr/lib/x86_64-linux-gnu/:/usr/lib/../lib/:/glob/development-tools/versions/oneapi/2021.2/inteloneapi/vpl/2021.2.2/lib/:/glob/development-tools/versions/oneapi/2021.2/inteloneapi/tbb/2021.2.0/env/../lib/intel64/gcc4.8/:/glob/development-tools/versions/oneapi/2021.2/inteloneapi/mpi/2021.2.0//libfabric/lib/:/glob/development-tools/versions/oneapi/2021.2/inteloneapi/mpi/2021.2.0//lib/release/:/glob/development-tools/versions/oneapi/2021.2/inteloneapi/mpi/2021.2.0//lib/:/glob/development-tools/versions/oneapi/2021.2/inteloneapi/mkl/latest/lib/intel64/:/glob/development-tools/versions/oneapi/2021.2/inteloneapi/ippcp/2021.2.0/lib/intel64/:/glob/development-tools/versions/oneapi/2021.2/inteloneapi/ipp/2021.2.0/lib/intel64/:/glob/development-tools/versions/oneapi/2021.2/inteloneapi/dnnl/2021.2.0/cpu_dpcpp_gpu_dpcpp/lib/:/glob/development-tools/versions/oneapi/2021.2/inteloneapi/dal/2021.2.0/lib/intel64/:/glob/development-tools/versions/oneapi/2021.2/inteloneapi/compiler/2021.2.0/linux/compiler/lib/intel64_lin/:/glob/development-tools/versions/oneapi/2021.2/inteloneapi/compiler/2021.2.0/linux/lib/:/glob/development-tools/versions/oneapi/2021.2/inteloneapi/clck/2021.2.0/lib/intel64/:/glob/development-tools/versions/oneapi/2021.2/inteloneapi/ccl/2021.2.0/lib/cpu_gpu_dpcpp/:/usr/lib/gcc/x86_64-linux-gnu/7/../../../:/lib/:/usr/lib/
COLLECT_GCC_OPTIONS='-v' '-rdynamic' '-o' 'cmTC_956c9' '-mtune=generic' '-march=x86-64'
 /usr/lib/gcc/x86_64-linux-gnu/7/collect2 -plugin /usr/lib/gcc/x86_64-linux-gnu/7/liblto_plugin.so -plugin-opt=/usr/lib/gcc/x86_64-linux-gnu/7/lto-wrapper -plugin-opt=-fresolution=/home/u59809/tmp/ccpKXtWa.res -plugin-opt=-pass-through=-lgcc -plugin-opt=-pass-through=-lgcc_s -plugin-opt=-pass-through=-lc -plugin-opt=-pass-through=-lgcc -plugin-opt=-pass-through=-lgcc_s --sysroot=/ --build-id --eh-frame-hdr -m elf_x86_64 --hash-style=gnu --as-needed -export-dynamic -dynamic-linker /lib64/ld-linux-x86-64.so.2 -pie -z now -z relro -o cmTC_956c9 /usr/lib/gcc/x86_64-linux-gnu/7/../../../x86_64-linux-gnu/Scrt1.o /usr/lib/gcc/x86_64-linux-gnu/7/../../../x86_64-linux-gnu/crti.o /usr/lib/gcc/x86_64-linux-gnu/7/crtbeginS.o -L/glob/development-tools/versions/oneapi/2021.2/inteloneapi/vpl/2021.2.2/lib/../lib -L/glob/development-tools/versions/oneapi/2021.2/inteloneapi/mpi/2021.2.0//libfabric/lib/../lib -L/glob/development-tools/versions/oneapi/2021.2/inteloneapi/mpi/2021.2.0//lib/../lib -L/glob/development-tools/versions/oneapi/2021.2/inteloneapi/dnnl/2021.2.0/cpu_dpcpp_gpu_dpcpp/lib/../lib -L/glob/development-tools/versions/oneapi/2021.2/inteloneapi/compiler/2021.2.0/linux/lib/../lib -L/usr/lib/gcc/x86_64-linux-gnu/7 -L/usr/lib/gcc/x86_64-linux-gnu/7/../../../x86_64-linux-gnu -L/usr/lib/gcc/x86_64-linux-gnu/7/../../../../lib -L/lib/x86_64-linux-gnu -L/lib/../lib -L/usr/lib/x86_64-linux-gnu -L/usr/lib/../lib -L/glob/development-tools/versions/oneapi/2021.2/inteloneapi/vpl/2021.2.2/lib -L/glob/development-tools/versions/oneapi/2021.2/inteloneapi/tbb/2021.2.0/env/../lib/intel64/gcc4.8 -L/glob/development-tools/versions/oneapi/2021.2/inteloneapi/mpi/2021.2.0//libfabric/lib -L/glob/development-tools/versions/oneapi/2021.2/inteloneapi/mpi/2021.2.0//lib/release -L/glob/development-tools/versions/oneapi/2021.2/inteloneapi/mpi/2021.2.0//lib -L/glob/development-tools/versions/oneapi/2021.2/inteloneapi/mkl/latest/lib/intel64 -L/glob/development-tools/versions/oneapi/2021.2/inteloneapi/ippcp/2021.2.0/lib/intel64 -L/glob/development-tools/versions/oneapi/2021.2/inteloneapi/ipp/2021.2.0/lib/intel64 -L/glob/development-tools/versions/oneapi/2021.2/inteloneapi/dnnl/2021.2.0/cpu_dpcpp_gpu_dpcpp/lib -L/glob/development-tools/versions/oneapi/2021.2/inteloneapi/dal/2021.2.0/lib/intel64 -L/glob/development-tools/versions/oneapi/2021.2/inteloneapi/compiler/2021.2.0/linux/compiler/lib/intel64_lin -L/glob/development-tools/versions/oneapi/2021.2/inteloneapi/compiler/2021.2.0/linux/lib -L/glob/development-tools/versions/oneapi/2021.2/inteloneapi/clck/2021.2.0/lib/intel64 -L/glob/development-tools/versions/oneapi/2021.2/inteloneapi/ccl/2021.2.0/lib/cpu_gpu_dpcpp -L/usr/lib/gcc/x86_64-linux-gnu/7/../../.. CMakeFiles/cmTC_956c9.dir/CMakeCCompilerABI.c.o -lgcc --push-state --as-needed -lgcc_s --pop-state -lc -lgcc --push-state --as-needed -lgcc_s --pop-state /usr/lib/gcc/x86_64-linux-gnu/7/crtendS.o /usr/lib/gcc/x86_64-linux-gnu/7/../../../x86_64-linux-gnu/crtn.o
COLLECT_GCC_OPTIONS='-v' '-rdynamic' '-o' 'cmTC_956c9' '-mtune=generic' '-march=x86-64'
make[1]: Leaving directory '/home/u59809/IntelOneAPI/src/oneAPI-samples/DPC++FPGA/Tutorials/GettingStarted/fpga_compile/src/build/CMakeFiles/CMakeTmp'


Parsed C implicit link information from above output:
  link line regex: [^( *|.*[/\])(ld|CMAKE_LINK_STARTFILE-NOTFOUND|([^/\]+-)?ld|collect2)[^/\]*( |$)]
  ignore line: [Change Dir: /home/u59809/IntelOneAPI/src/oneAPI-samples/DPC++FPGA/Tutorials/GettingStarted/fpga_compile/src/build/CMakeFiles/CMakeTmp]
  ignore line: []
  ignore line: [Run Build Command:"/usr/bin/make" "cmTC_956c9/fast"]
  ignore line: [/usr/bin/make -f CMakeFiles/cmTC_956c9.dir/build.make CMakeFiles/cmTC_956c9.dir/build]
  ignore line: [make[1]: Entering directory '/home/u59809/IntelOneAPI/src/oneAPI-samples/DPC++FPGA/Tutorials/GettingStarted/fpga_compile/src/build/CMakeFiles/CMakeTmp']
  ignore line: [Building C object CMakeFiles/cmTC_956c9.dir/CMakeCCompilerABI.c.o]
  ignore line: [/usr/bin/cc    -o CMakeFiles/cmTC_956c9.dir/CMakeCCompilerABI.c.o   -c /usr/share/cmake-3.10/Modules/CMakeCCompilerABI.c]
  ignore line: [Linking C executable cmTC_956c9]
  ignore line: [/usr/bin/cmake -E cmake_link_script CMakeFiles/cmTC_956c9.dir/link.txt --verbose=1]
  ignore line: [/usr/bin/cc     -v -rdynamic CMakeFiles/cmTC_956c9.dir/CMakeCCompilerABI.c.o  -o cmTC_956c9 ]
  ignore line: [Using built-in specs.]
  ignore line: [COLLECT_GCC=/usr/bin/cc]
  ignore line: [COLLECT_LTO_WRAPPER=/usr/lib/gcc/x86_64-linux-gnu/7/lto-wrapper]
  ignore line: [OFFLOAD_TARGET_NAMES=nvptx-none]
  ignore line: [OFFLOAD_TARGET_DEFAULT=1]
  ignore line: [Target: x86_64-linux-gnu]
  ignore line: [Configured with: ../src/configure -v --with-pkgversion='Ubuntu 7.4.0-1ubuntu1~18.04.1' --with-bugurl=file:///usr/share/doc/gcc-7/README.Bugs --enable-languages=c,ada,c++,go,brig,d,fortran,objc,obj-c++ --prefix=/usr --with-gcc-major-version-only --program-suffix=-7 --program-prefix=x86_64-linux-gnu- --enable-shared --enable-linker-build-id --libexecdir=/usr/lib --without-included-gettext --enable-threads=posix --libdir=/usr/lib --enable-nls --with-sysroot=/ --enable-clocale=gnu --enable-libstdcxx-debug --enable-libstdcxx-time=yes --with-default-libstdcxx-abi=new --enable-gnu-unique-object --disable-vtable-verify --enable-libmpx --enable-plugin --enable-default-pie --with-system-zlib --with-target-system-zlib --enable-objc-gc=auto --enable-multiarch --disable-werror --with-arch-32=i686 --with-abi=m64 --with-multilib-list=m32,m64,mx32 --enable-multilib --with-tune=generic --enable-offload-targets=nvptx-none --without-cuda-driver --enable-checking=release --build=x86_64-linux-gnu --host=x86_64-linux-gnu --target=x86_64-linux-gnu]
  ignore line: [Thread model: posix]
  ignore line: [gcc version 7.4.0 (Ubuntu 7.4.0-1ubuntu1~18.04.1) ]
  ignore line: [COMPILER_PATH=/usr/lib/gcc/x86_64-linux-gnu/7/:/usr/lib/gcc/x86_64-linux-gnu/7/:/usr/lib/gcc/x86_64-linux-gnu/:/usr/lib/gcc/x86_64-linux-gnu/7/:/usr/lib/gcc/x86_64-linux-gnu/]
  ignore line: [LIBRARY_PATH=/glob/development-tools/versions/oneapi/2021.2/inteloneapi/vpl/2021.2.2/lib/../lib/:/glob/development-tools/versions/oneapi/2021.2/inteloneapi/mpi/2021.2.0//libfabric/lib/../lib/:/glob/development-tools/versions/oneapi/2021.2/inteloneapi/mpi/2021.2.0//lib/../lib/:/glob/development-tools/versions/oneapi/2021.2/inteloneapi/dnnl/2021.2.0/cpu_dpcpp_gpu_dpcpp/lib/../lib/:/glob/development-tools/versions/oneapi/2021.2/inteloneapi/compiler/2021.2.0/linux/lib/../lib/:/usr/lib/gcc/x86_64-linux-gnu/7/:/usr/lib/gcc/x86_64-linux-gnu/7/../../../x86_64-linux-gnu/:/usr/lib/gcc/x86_64-linux-gnu/7/../../../../lib/:/lib/x86_64-linux-gnu/:/lib/../lib/:/usr/lib/x86_64-linux-gnu/:/usr/lib/../lib/:/glob/development-tools/versions/oneapi/2021.2/inteloneapi/vpl/2021.2.2/lib/:/glob/development-tools/versions/oneapi/2021.2/inteloneapi/tbb/2021.2.0/env/../lib/intel64/gcc4.8/:/glob/development-tools/versions/oneapi/2021.2/inteloneapi/mpi/2021.2.0//libfabric/lib/:/glob/development-tools/versions/oneapi/2021.2/inteloneapi/mpi/2021.2.0//lib/release/:/glob/development-tools/versions/oneapi/2021.2/inteloneapi/mpi/2021.2.0//lib/:/glob/development-tools/versions/oneapi/2021.2/inteloneapi/mkl/latest/lib/intel64/:/glob/development-tools/versions/oneapi/2021.2/inteloneapi/ippcp/2021.2.0/lib/intel64/:/glob/development-tools/versions/oneapi/2021.2/inteloneapi/ipp/2021.2.0/lib/intel64/:/glob/development-tools/versions/oneapi/2021.2/inteloneapi/dnnl/2021.2.0/cpu_dpcpp_gpu_dpcpp/lib/:/glob/development-tools/versions/oneapi/2021.2/inteloneapi/dal/2021.2.0/lib/intel64/:/glob/development-tools/versions/oneapi/2021.2/inteloneapi/compiler/2021.2.0/linux/compiler/lib/intel64_lin/:/glob/development-tools/versions/oneapi/2021.2/inteloneapi/compiler/2021.2.0/linux/lib/:/glob/development-tools/versions/oneapi/2021.2/inteloneapi/clck/2021.2.0/lib/intel64/:/glob/development-tools/versions/oneapi/2021.2/inteloneapi/ccl/2021.2.0/lib/cpu_gpu_dpcpp/:/usr/lib/gcc/x86_64-linux-gnu/7/../../../:/lib/:/usr/lib/]
  ignore line: [COLLECT_GCC_OPTIONS='-v' '-rdynamic' '-o' 'cmTC_956c9' '-mtune=generic' '-march=x86-64']
  link line: [ /usr/lib/gcc/x86_64-linux-gnu/7/collect2 -plugin /usr/lib/gcc/x86_64-linux-gnu/7/liblto_plugin.so -plugin-opt=/usr/lib/gcc/x86_64-linux-gnu/7/lto-wrapper -plugin-opt=-fresolution=/home/u59809/tmp/ccpKXtWa.res -plugin-opt=-pass-through=-lgcc -plugin-opt=-pass-through=-lgcc_s -plugin-opt=-pass-through=-lc -plugin-opt=-pass-through=-lgcc -plugin-opt=-pass-through=-lgcc_s --sysroot=/ --build-id --eh-frame-hdr -m elf_x86_64 --hash-style=gnu --as-needed -export-dynamic -dynamic-linker /lib64/ld-linux-x86-64.so.2 -pie -z now -z relro -o cmTC_956c9 /usr/lib/gcc/x86_64-linux-gnu/7/../../../x86_64-linux-gnu/Scrt1.o /usr/lib/gcc/x86_64-linux-gnu/7/../../../x86_64-linux-gnu/crti.o /usr/lib/gcc/x86_64-linux-gnu/7/crtbeginS.o -L/glob/development-tools/versions/oneapi/2021.2/inteloneapi/vpl/2021.2.2/lib/../lib -L/glob/development-tools/versions/oneapi/2021.2/inteloneapi/mpi/2021.2.0//libfabric/lib/../lib -L/glob/development-tools/versions/oneapi/2021.2/inteloneapi/mpi/2021.2.0//lib/../lib -L/glob/development-tools/versions/oneapi/2021.2/inteloneapi/dnnl/2021.2.0/cpu_dpcpp_gpu_dpcpp/lib/../lib -L/glob/development-tools/versions/oneapi/2021.2/inteloneapi/compiler/2021.2.0/linux/lib/../lib -L/usr/lib/gcc/x86_64-linux-gnu/7 -L/usr/lib/gcc/x86_64-linux-gnu/7/../../../x86_64-linux-gnu -L/usr/lib/gcc/x86_64-linux-gnu/7/../../../../lib -L/lib/x86_64-linux-gnu -L/lib/../lib -L/usr/lib/x86_64-linux-gnu -L/usr/lib/../lib -L/glob/development-tools/versions/oneapi/2021.2/inteloneapi/vpl/2021.2.2/lib -L/glob/development-tools/versions/oneapi/2021.2/inteloneapi/tbb/2021.2.0/env/../lib/intel64/gcc4.8 -L/glob/development-tools/versions/oneapi/2021.2/inteloneapi/mpi/2021.2.0//libfabric/lib -L/glob/development-tools/versions/oneapi/2021.2/inteloneapi/mpi/2021.2.0//lib/release -L/glob/development-tools/versions/oneapi/2021.2/inteloneapi/mpi/2021.2.0//lib -L/glob/development-tools/versions/oneapi/2021.2/inteloneapi/mkl/latest/lib/intel64 -L/glob/development-tools/versions/oneapi/2021.2/inteloneapi/ippcp/2021.2.0/lib/intel64 -L/glob/development-tools/versions/oneapi/2021.2/inteloneapi/ipp/2021.2.0/lib/intel64 -L/glob/development-tools/versions/oneapi/2021.2/inteloneapi/dnnl/2021.2.0/cpu_dpcpp_gpu_dpcpp/lib -L/glob/development-tools/versions/oneapi/2021.2/inteloneapi/dal/2021.2.0/lib/intel64 -L/glob/development-tools/versions/oneapi/2021.2/inteloneapi/compiler/2021.2.0/linux/compiler/lib/intel64_lin -L/glob/development-tools/versions/oneapi/2021.2/inteloneapi/compiler/2021.2.0/linux/lib -L/glob/development-tools/versions/oneapi/2021.2/inteloneapi/clck/2021.2.0/lib/intel64 -L/glob/development-tools/versions/oneapi/2021.2/inteloneapi/ccl/2021.2.0/lib/cpu_gpu_dpcpp -L/usr/lib/gcc/x86_64-linux-gnu/7/../../.. CMakeFiles/cmTC_956c9.dir/CMakeCCompilerABI.c.o -lgcc --push-state --as-needed -lgcc_s --pop-state -lc -lgcc --push-state --as-needed -lgcc_s --pop-state /usr/lib/gcc/x86_64-linux-gnu/7/crtendS.o /usr/lib/gcc/x86_64-linux-gnu/7/../../../x86_64-linux-gnu/crtn.o]
    arg [/usr/lib/gcc/x86_64-linux-gnu/7/collect2] ==> ignore
    arg [-plugin] ==> ignore
    arg [/usr/lib/gcc/x86_64-linux-gnu/7/liblto_plugin.so] ==> ignore
    arg [-plugin-opt=/usr/lib/gcc/x86_64-linux-gnu/7/lto-wrapper] ==> ignore
    arg [-plugin-opt=-fresolution=/home/u59809/tmp/ccpKXtWa.res] ==> ignore
    arg [-plugin-opt=-pass-through=-lgcc] ==> ignore
    arg [-plugin-opt=-pass-through=-lgcc_s] ==> ignore
    arg [-plugin-opt=-pass-through=-lc] ==> ignore
    arg [-plugin-opt=-pass-through=-lgcc] ==> ignore
    arg [-plugin-opt=-pass-through=-lgcc_s] ==> ignore
    arg [--sysroot=/] ==> ignore
    arg [--build-id] ==> ignore
    arg [--eh-frame-hdr] ==> ignore
    arg [-m] ==> ignore
    arg [elf_x86_64] ==> ignore
    arg [--hash-style=gnu] ==> ignore
    arg [--as-needed] ==> ignore
    arg [-export-dynamic] ==> ignore
    arg [-dynamic-linker] ==> ignore
    arg [/lib64/ld-linux-x86-64.so.2] ==> ignore
    arg [-pie] ==> ignore
    arg [-znow] ==> ignore
    arg [-zrelro] ==> ignore
    arg [-o] ==> ignore
    arg [cmTC_956c9] ==> ignore
    arg [/usr/lib/gcc/x86_64-linux-gnu/7/../../../x86_64-linux-gnu/Scrt1.o] ==> ignore
    arg [/usr/lib/gcc/x86_64-linux-gnu/7/../../../x86_64-linux-gnu/crti.o] ==> ignore
    arg [/usr/lib/gcc/x86_64-linux-gnu/7/crtbeginS.o] ==> ignore
    arg [-L/glob/development-tools/versions/oneapi/2021.2/inteloneapi/vpl/2021.2.2/lib/../lib] ==> dir [/glob/development-tools/versions/oneapi/2021.2/inteloneapi/vpl/2021.2.2/lib/../lib]
    arg [-L/glob/development-tools/versions/oneapi/2021.2/inteloneapi/mpi/2021.2.0//libfabric/lib/../lib] ==> dir [/glob/development-tools/versions/oneapi/2021.2/inteloneapi/mpi/2021.2.0//libfabric/lib/../lib]
    arg [-L/glob/development-tools/versions/oneapi/2021.2/inteloneapi/mpi/2021.2.0//lib/../lib] ==> dir [/glob/development-tools/versions/oneapi/2021.2/inteloneapi/mpi/2021.2.0//lib/../lib]
    arg [-L/glob/development-tools/versions/oneapi/2021.2/inteloneapi/dnnl/2021.2.0/cpu_dpcpp_gpu_dpcpp/lib/../lib] ==> dir [/glob/development-tools/versions/oneapi/2021.2/inteloneapi/dnnl/2021.2.0/cpu_dpcpp_gpu_dpcpp/lib/../lib]
    arg [-L/glob/development-tools/versions/oneapi/2021.2/inteloneapi/compiler/2021.2.0/linux/lib/../lib] ==> dir [/glob/development-tools/versions/oneapi/2021.2/inteloneapi/compiler/2021.2.0/linux/lib/../lib]
    arg [-L/usr/lib/gcc/x86_64-linux-gnu/7] ==> dir [/usr/lib/gcc/x86_64-linux-gnu/7]
    arg [-L/usr/lib/gcc/x86_64-linux-gnu/7/../../../x86_64-linux-gnu] ==> dir [/usr/lib/gcc/x86_64-linux-gnu/7/../../../x86_64-linux-gnu]
    arg [-L/usr/lib/gcc/x86_64-linux-gnu/7/../../../../lib] ==> dir [/usr/lib/gcc/x86_64-linux-gnu/7/../../../../lib]
    arg [-L/lib/x86_64-linux-gnu] ==> dir [/lib/x86_64-linux-gnu]
    arg [-L/lib/../lib] ==> dir [/lib/../lib]
    arg [-L/usr/lib/x86_64-linux-gnu] ==> dir [/usr/lib/x86_64-linux-gnu]
    arg [-L/usr/lib/../lib] ==> dir [/usr/lib/../lib]
    arg [-L/glob/development-tools/versions/oneapi/2021.2/inteloneapi/vpl/2021.2.2/lib] ==> dir [/glob/development-tools/versions/oneapi/2021.2/inteloneapi/vpl/2021.2.2/lib]
    arg [-L/glob/development-tools/versions/oneapi/2021.2/inteloneapi/tbb/2021.2.0/env/../lib/intel64/gcc4.8] ==> dir [/glob/development-tools/versions/oneapi/2021.2/inteloneapi/tbb/2021.2.0/env/../lib/intel64/gcc4.8]
    arg [-L/glob/development-tools/versions/oneapi/2021.2/inteloneapi/mpi/2021.2.0//libfabric/lib] ==> dir [/glob/development-tools/versions/oneapi/2021.2/inteloneapi/mpi/2021.2.0//libfabric/lib]
    arg [-L/glob/development-tools/versions/oneapi/2021.2/inteloneapi/mpi/2021.2.0//lib/release] ==> dir [/glob/development-tools/versions/oneapi/2021.2/inteloneapi/mpi/2021.2.0//lib/release]
    arg [-L/glob/development-tools/versions/oneapi/2021.2/inteloneapi/mpi/2021.2.0//lib] ==> dir [/glob/development-tools/versions/oneapi/2021.2/inteloneapi/mpi/2021.2.0//lib]
    arg [-L/glob/development-tools/versions/oneapi/2021.2/inteloneapi/mkl/latest/lib/intel64] ==> dir [/glob/development-tools/versions/oneapi/2021.2/inteloneapi/mkl/latest/lib/intel64]
    arg [-L/glob/development-tools/versions/oneapi/2021.2/inteloneapi/ippcp/2021.2.0/lib/intel64] ==> dir [/glob/development-tools/versions/oneapi/2021.2/inteloneapi/ippcp/2021.2.0/lib/intel64]
    arg [-L/glob/development-tools/versions/oneapi/2021.2/inteloneapi/ipp/2021.2.0/lib/intel64] ==> dir [/glob/development-tools/versions/oneapi/2021.2/inteloneapi/ipp/2021.2.0/lib/intel64]
    arg [-L/glob/development-tools/versions/oneapi/2021.2/inteloneapi/dnnl/2021.2.0/cpu_dpcpp_gpu_dpcpp/lib] ==> dir [/glob/development-tools/versions/oneapi/2021.2/inteloneapi/dnnl/2021.2.0/cpu_dpcpp_gpu_dpcpp/lib]
    arg [-L/glob/development-tools/versions/oneapi/2021.2/inteloneapi/dal/2021.2.0/lib/intel64] ==> dir [/glob/development-tools/versions/oneapi/2021.2/inteloneapi/dal/2021.2.0/lib/intel64]
    arg [-L/glob/development-tools/versions/oneapi/2021.2/inteloneapi/compiler/2021.2.0/linux/compiler/lib/intel64_lin] ==> dir [/glob/development-tools/versions/oneapi/2021.2/inteloneapi/compiler/2021.2.0/linux/compiler/lib/intel64_lin]
    arg [-L/glob/development-tools/versions/oneapi/2021.2/inteloneapi/compiler/2021.2.0/linux/lib] ==> dir [/glob/development-tools/versions/oneapi/2021.2/inteloneapi/compiler/2021.2.0/linux/lib]
    arg [-L/glob/development-tools/versions/oneapi/2021.2/inteloneapi/clck/2021.2.0/lib/intel64] ==> dir [/glob/development-tools/versions/oneapi/2021.2/inteloneapi/clck/2021.2.0/lib/intel64]
    arg [-L/glob/development-tools/versions/oneapi/2021.2/inteloneapi/ccl/2021.2.0/lib/cpu_gpu_dpcpp] ==> dir [/glob/development-tools/versions/oneapi/2021.2/inteloneapi/ccl/2021.2.0/lib/cpu_gpu_dpcpp]
    arg [-L/usr/lib/gcc/x86_64-linux-gnu/7/../../..] ==> dir [/usr/lib/gcc/x86_64-linux-gnu/7/../../..]
    arg [CMakeFiles/cmTC_956c9.dir/CMakeCCompilerABI.c.o] ==> ignore
    arg [-lgcc] ==> lib [gcc]
    arg [--push-state] ==> ignore
    arg [--as-needed] ==> ignore
    arg [-lgcc_s] ==> lib [gcc_s]
    arg [--pop-state] ==> ignore
    arg [-lc] ==> lib [c]
    arg [-lgcc] ==> lib [gcc]
    arg [--push-state] ==> ignore
    arg [--as-needed] ==> ignore
    arg [-lgcc_s] ==> lib [gcc_s]
    arg [--pop-state] ==> ignore
    arg [/usr/lib/gcc/x86_64-linux-gnu/7/crtendS.o] ==> ignore
    arg [/usr/lib/gcc/x86_64-linux-gnu/7/../../../x86_64-linux-gnu/crtn.o] ==> ignore
  collapse library dir [/glob/development-tools/versions/oneapi/2021.2/inteloneapi/vpl/2021.2.2/lib/../lib] ==> [/glob/development-tools/versions/oneapi/2021.2/inteloneapi/vpl/2021.2.2/lib]
  collapse library dir [/glob/development-tools/versions/oneapi/2021.2/inteloneapi/mpi/2021.2.0//libfabric/lib/../lib] ==> [/glob/development-tools/versions/oneapi/2021.2/inteloneapi/mpi/2021.2.0/libfabric/lib]
  collapse library dir [/glob/development-tools/versions/oneapi/2021.2/inteloneapi/mpi/2021.2.0//lib/../lib] ==> [/glob/development-tools/versions/oneapi/2021.2/inteloneapi/mpi/2021.2.0/lib]
  collapse library dir [/glob/development-tools/versions/oneapi/2021.2/inteloneapi/dnnl/2021.2.0/cpu_dpcpp_gpu_dpcpp/lib/../lib] ==> [/glob/development-tools/versions/oneapi/2021.2/inteloneapi/dnnl/2021.2.0/cpu_dpcpp_gpu_dpcpp/lib]
  collapse library dir [/glob/development-tools/versions/oneapi/2021.2/inteloneapi/compiler/2021.2.0/linux/lib/../lib] ==> [/glob/development-tools/versions/oneapi/2021.2/inteloneapi/compiler/2021.2.0/linux/lib]
  collapse library dir [/usr/lib/gcc/x86_64-linux-gnu/7] ==> [/usr/lib/gcc/x86_64-linux-gnu/7]
  collapse library dir [/usr/lib/gcc/x86_64-linux-gnu/7/../../../x86_64-linux-gnu] ==> [/usr/lib/x86_64-linux-gnu]
  collapse library dir [/usr/lib/gcc/x86_64-linux-gnu/7/../../../../lib] ==> [/usr/lib]
  collapse library dir [/lib/x86_64-linux-gnu] ==> [/lib/x86_64-linux-gnu]
  collapse library dir [/lib/../lib] ==> [/lib]
  collapse library dir [/usr/lib/x86_64-linux-gnu] ==> [/usr/lib/x86_64-linux-gnu]
  collapse library dir [/usr/lib/../lib] ==> [/usr/lib]
  collapse library dir [/glob/development-tools/versions/oneapi/2021.2/inteloneapi/vpl/2021.2.2/lib] ==> [/glob/development-tools/versions/oneapi/2021.2/inteloneapi/vpl/2021.2.2/lib]
  collapse library dir [/glob/development-tools/versions/oneapi/2021.2/inteloneapi/tbb/2021.2.0/env/../lib/intel64/gcc4.8] ==> [/glob/development-tools/versions/oneapi/2021.2/inteloneapi/tbb/2021.2.0/lib/intel64/gcc4.8]
  collapse library dir [/glob/development-tools/versions/oneapi/2021.2/inteloneapi/mpi/2021.2.0//libfabric/lib] ==> [/glob/development-tools/versions/oneapi/2021.2/inteloneapi/mpi/2021.2.0/libfabric/lib]
  collapse library dir [/glob/development-tools/versions/oneapi/2021.2/inteloneapi/mpi/2021.2.0//lib/release] ==> [/glob/development-tools/versions/oneapi/2021.2/inteloneapi/mpi/2021.2.0/lib/release]
  collapse library dir [/glob/development-tools/versions/oneapi/2021.2/inteloneapi/mpi/2021.2.0//lib] ==> [/glob/development-tools/versions/oneapi/2021.2/inteloneapi/mpi/2021.2.0/lib]
  collapse library dir [/glob/development-tools/versions/oneapi/2021.2/inteloneapi/mkl/latest/lib/intel64] ==> [/glob/development-tools/versions/oneapi/2021.2/inteloneapi/mkl/latest/lib/intel64]
  collapse library dir [/glob/development-tools/versions/oneapi/2021.2/inteloneapi/ippcp/2021.2.0/lib/intel64] ==> [/glob/development-tools/versions/oneapi/2021.2/inteloneapi/ippcp/2021.2.0/lib/intel64]
  collapse library dir [/glob/development-tools/versions/oneapi/2021.2/inteloneapi/ipp/2021.2.0/lib/intel64] ==> [/glob/development-tools/versions/oneapi/2021.2/inteloneapi/ipp/2021.2.0/lib/intel64]
  collapse library dir [/glob/development-tools/versions/oneapi/2021.2/inteloneapi/dnnl/2021.2.0/cpu_dpcpp_gpu_dpcpp/lib] ==> [/glob/development-tools/versions/oneapi/2021.2/inteloneapi/dnnl/2021.2.0/cpu_dpcpp_gpu_dpcpp/lib]
  collapse library dir [/glob/development-tools/versions/oneapi/2021.2/inteloneapi/dal/2021.2.0/lib/intel64] ==> [/glob/development-tools/versions/oneapi/2021.2/inteloneapi/dal/2021.2.0/lib/intel64]
  collapse library dir [/glob/development-tools/versions/oneapi/2021.2/inteloneapi/compiler/2021.2.0/linux/compiler/lib/intel64_lin] ==> [/glob/development-tools/versions/oneapi/2021.2/inteloneapi/compiler/2021.2.0/linux/compiler/lib/intel64_lin]
  collapse library dir [/glob/development-tools/versions/oneapi/2021.2/inteloneapi/compiler/2021.2.0/linux/lib] ==> [/glob/development-tools/versions/oneapi/2021.2/inteloneapi/compiler/2021.2.0/linux/lib]
  collapse library dir [/glob/development-tools/versions/oneapi/2021.2/inteloneapi/clck/2021.2.0/lib/intel64] ==> [/glob/development-tools/versions/oneapi/2021.2/inteloneapi/clck/2021.2.0/lib/intel64]
  collapse library dir [/glob/development-tools/versions/oneapi/2021.2/inteloneapi/ccl/2021.2.0/lib/cpu_gpu_dpcpp] ==> [/glob/development-tools/versions/oneapi/2021.2/inteloneapi/ccl/2021.2.0/lib/cpu_gpu_dpcpp]
  collapse library dir [/usr/lib/gcc/x86_64-linux-gnu/7/../../..] ==> [/usr/lib]
  implicit libs: [gcc;gcc_s;c;gcc;gcc_s]
  implicit dirs: [/glob/development-tools/versions/oneapi/2021.2/inteloneapi/vpl/2021.2.2/lib;/glob/development-tools/versions/oneapi/2021.2/inteloneapi/mpi/2021.2.0/libfabric/lib;/glob/development-tools/versions/oneapi/2021.2/inteloneapi/mpi/2021.2.0/lib;/glob/development-tools/versions/oneapi/2021.2/inteloneapi/dnnl/2021.2.0/cpu_dpcpp_gpu_dpcpp/lib;/glob/development-tools/versions/oneapi/2021.2/inteloneapi/compiler/2021.2.0/linux/lib;/usr/lib/gcc/x86_64-linux-gnu/7;/usr/lib/x86_64-linux-gnu;/usr/lib;/lib/x86_64-linux-gnu;/lib;/glob/development-tools/versions/oneapi/2021.2/inteloneapi/tbb/2021.2.0/lib/intel64/gcc4.8;/glob/development-tools/versions/oneapi/2021.2/inteloneapi/mpi/2021.2.0/lib/release;/glob/development-tools/versions/oneapi/2021.2/inteloneapi/mkl/latest/lib/intel64;/glob/development-tools/versions/oneapi/2021.2/inteloneapi/ippcp/2021.2.0/lib/intel64;/glob/development-tools/versions/oneapi/2021.2/inteloneapi/ipp/2021.2.0/lib/intel64;/glob/development-tools/versions/oneapi/2021.2/inteloneapi/dal/2021.2.0/lib/intel64;/glob/development-tools/versions/oneapi/2021.2/inteloneapi/compiler/2021.2.0/linux/compiler/lib/intel64_lin;/glob/development-tools/versions/oneapi/2021.2/inteloneapi/clck/2021.2.0/lib/intel64;/glob/development-tools/versions/oneapi/2021.2/inteloneapi/ccl/2021.2.0/lib/cpu_gpu_dpcpp]
  implicit fwks: []




Detecting C [-std=c11] compiler features compiled with the following output:
Change Dir: /home/u59809/IntelOneAPI/src/oneAPI-samples/DPC++FPGA/Tutorials/GettingStarted/fpga_compile/src/build/CMakeFiles/CMakeTmp

Run Build Command:"/usr/bin/make" "cmTC_a781e/fast"
/usr/bin/make -f CMakeFiles/cmTC_a781e.dir/build.make CMakeFiles/cmTC_a781e.dir/build
make[1]: Entering directory '/home/u59809/IntelOneAPI/src/oneAPI-samples/DPC++FPGA/Tutorials/GettingStarted/fpga_compile/src/build/CMakeFiles/CMakeTmp'
Building C object CMakeFiles/cmTC_a781e.dir/feature_tests.c.o
/usr/bin/cc   -std=c11 -o CMakeFiles/cmTC_a781e.dir/feature_tests.c.o   -c /home/u59809/IntelOneAPI/src/oneAPI-samples/DPC++FPGA/Tutorials/GettingStarted/fpga_compile/src/build/CMakeFiles/feature_tests.c
Linking C executable cmTC_a781e
/usr/bin/cmake -E cmake_link_script CMakeFiles/cmTC_a781e.dir/link.txt --verbose=1
/usr/bin/cc      -rdynamic CMakeFiles/cmTC_a781e.dir/feature_tests.c.o  -o cmTC_a781e 
make[1]: Leaving directory '/home/u59809/IntelOneAPI/src/oneAPI-samples/DPC++FPGA/Tutorials/GettingStarted/fpga_compile/src/build/CMakeFiles/CMakeTmp'


    Feature record: C_FEATURE:1c_function_prototypes
    Feature record: C_FEATURE:1c_restrict
    Feature record: C_FEATURE:1c_static_assert
    Feature record: C_FEATURE:1c_variadic_macros


Detecting C [-std=c99] compiler features compiled with the following output:
Change Dir: /home/u59809/IntelOneAPI/src/oneAPI-samples/DPC++FPGA/Tutorials/GettingStarted/fpga_compile/src/build/CMakeFiles/CMakeTmp

Run Build Command:"/usr/bin/make" "cmTC_dfeca/fast"
/usr/bin/make -f CMakeFiles/cmTC_dfeca.dir/build.make CMakeFiles/cmTC_dfeca.dir/build
make[1]: Entering directory '/home/u59809/IntelOneAPI/src/oneAPI-samples/DPC++FPGA/Tutorials/GettingStarted/fpga_compile/src/build/CMakeFiles/CMakeTmp'
Building C object CMakeFiles/cmTC_dfeca.dir/feature_tests.c.o
/usr/bin/cc   -std=c99 -o CMakeFiles/cmTC_dfeca.dir/feature_tests.c.o   -c /home/u59809/IntelOneAPI/src/oneAPI-samples/DPC++FPGA/Tutorials/GettingStarted/fpga_compile/src/build/CMakeFiles/feature_tests.c
Linking C executable cmTC_dfeca
/usr/bin/cmake -E cmake_link_script CMakeFiles/cmTC_dfeca.dir/link.txt --verbose=1
/usr/bin/cc      -rdynamic CMakeFiles/cmTC_dfeca.dir/feature_tests.c.o  -o cmTC_dfeca 
make[1]: Leaving directory '/home/u59809/IntelOneAPI/src/oneAPI-samples/DPC++FPGA/Tutorials/GettingStarted/fpga_compile/src/build/CMakeFiles/CMakeTmp'


    Feature record: C_FEATURE:1c_function_prototypes
    Feature record: C_FEATURE:1c_restrict
    Feature record: C_FEATURE:0c_static_assert
    Feature record: C_FEATURE:1c_variadic_macros


Detecting C [-std=c90] compiler features compiled with the following output:
Change Dir: /home/u59809/IntelOneAPI/src/oneAPI-samples/DPC++FPGA/Tutorials/GettingStarted/fpga_compile/src/build/CMakeFiles/CMakeTmp

Run Build Command:"/usr/bin/make" "cmTC_b36a9/fast"
/usr/bin/make -f CMakeFiles/cmTC_b36a9.dir/build.make CMakeFiles/cmTC_b36a9.dir/build
make[1]: Entering directory '/home/u59809/IntelOneAPI/src/oneAPI-samples/DPC++FPGA/Tutorials/GettingStarted/fpga_compile/src/build/CMakeFiles/CMakeTmp'
Building C object CMakeFiles/cmTC_b36a9.dir/feature_tests.c.o
/usr/bin/cc   -std=c90 -o CMakeFiles/cmTC_b36a9.dir/feature_tests.c.o   -c /home/u59809/IntelOneAPI/src/oneAPI-samples/DPC++FPGA/Tutorials/GettingStarted/fpga_compile/src/build/CMakeFiles/feature_tests.c
Linking C executable cmTC_b36a9
/usr/bin/cmake -E cmake_link_script CMakeFiles/cmTC_b36a9.dir/link.txt --verbose=1
/usr/bin/cc      -rdynamic CMakeFiles/cmTC_b36a9.dir/feature_tests.c.o  -o cmTC_b36a9 
make[1]: Leaving directory '/home/u59809/IntelOneAPI/src/oneAPI-samples/DPC++FPGA/Tutorials/GettingStarted/fpga_compile/src/build/CMakeFiles/CMakeTmp'


    Feature record: C_FEATURE:1c_function_prototypes
    Feature record: C_FEATURE:0c_restrict
    Feature record: C_FEATURE:0c_static_assert
    Feature record: C_FEATURE:0c_variadic_macros
Determining if the CXX compiler works passed with the following output:
Change Dir: /home/u59809/IntelOneAPI/src/oneAPI-samples/DPC++FPGA/Tutorials/GettingStarted/fpga_compile/src/build/CMakeFiles/CMakeTmp

Run Build Command:"/usr/bin/make" "cmTC_c6044/fast"
/usr/bin/make -f CMakeFiles/cmTC_c6044.dir/build.make CMakeFiles/cmTC_c6044.dir/build
make[1]: Entering directory '/home/u59809/IntelOneAPI/src/oneAPI-samples/DPC++FPGA/Tutorials/GettingStarted/fpga_compile/src/build/CMakeFiles/CMakeTmp'
Building CXX object CMakeFiles/cmTC_c6044.dir/testCXXCompiler.cxx.o
/usr/bin/c++     -o CMakeFiles/cmTC_c6044.dir/testCXXCompiler.cxx.o -c /home/u59809/IntelOneAPI/src/oneAPI-samples/DPC++FPGA/Tutorials/GettingStarted/fpga_compile/src/build/CMakeFiles/CMakeTmp/testCXXCompiler.cxx
Linking CXX executable cmTC_c6044
/usr/bin/cmake -E cmake_link_script CMakeFiles/cmTC_c6044.dir/link.txt --verbose=1
/usr/bin/c++       -rdynamic CMakeFiles/cmTC_c6044.dir/testCXXCompiler.cxx.o  -o cmTC_c6044 
make[1]: Leaving directory '/home/u59809/IntelOneAPI/src/oneAPI-samples/DPC++FPGA/Tutorials/GettingStarted/fpga_compile/src/build/CMakeFiles/CMakeTmp'


Detecting CXX compiler ABI info compiled with the following output:
Change Dir: /home/u59809/IntelOneAPI/src/oneAPI-samples/DPC++FPGA/Tutorials/GettingStarted/fpga_compile/src/build/CMakeFiles/CMakeTmp

Run Build Command:"/usr/bin/make" "cmTC_226fe/fast"
/usr/bin/make -f CMakeFiles/cmTC_226fe.dir/build.make CMakeFiles/cmTC_226fe.dir/build
make[1]: Entering directory '/home/u59809/IntelOneAPI/src/oneAPI-samples/DPC++FPGA/Tutorials/GettingStarted/fpga_compile/src/build/CMakeFiles/CMakeTmp'
Building CXX object CMakeFiles/cmTC_226fe.dir/CMakeCXXCompilerABI.cpp.o
/usr/bin/c++     -o CMakeFiles/cmTC_226fe.dir/CMakeCXXCompilerABI.cpp.o -c /usr/share/cmake-3.10/Modules/CMakeCXXCompilerABI.cpp
Linking CXX executable cmTC_226fe
/usr/bin/cmake -E cmake_link_script CMakeFiles/cmTC_226fe.dir/link.txt --verbose=1
/usr/bin/c++      -v -rdynamic CMakeFiles/cmTC_226fe.dir/CMakeCXXCompilerABI.cpp.o  -o cmTC_226fe 
Using built-in specs.
COLLECT_GCC=/usr/bin/c++
COLLECT_LTO_WRAPPER=/usr/lib/gcc/x86_64-linux-gnu/7/lto-wrapper
OFFLOAD_TARGET_NAMES=nvptx-none
OFFLOAD_TARGET_DEFAULT=1
Target: x86_64-linux-gnu
Configured with: ../src/configure -v --with-pkgversion='Ubuntu 7.4.0-1ubuntu1~18.04.1' --with-bugurl=file:///usr/share/doc/gcc-7/README.Bugs --enable-languages=c,ada,c++,go,brig,d,fortran,objc,obj-c++ --prefix=/usr --with-gcc-major-version-only --program-suffix=-7 --program-prefix=x86_64-linux-gnu- --enable-shared --enable-linker-build-id --libexecdir=/usr/lib --without-included-gettext --enable-threads=posix --libdir=/usr/lib --enable-nls --with-sysroot=/ --enable-clocale=gnu --enable-libstdcxx-debug --enable-libstdcxx-time=yes --with-default-libstdcxx-abi=new --enable-gnu-unique-object --disable-vtable-verify --enable-libmpx --enable-plugin --enable-default-pie --with-system-zlib --with-target-system-zlib --enable-objc-gc=auto --enable-multiarch --disable-werror --with-arch-32=i686 --with-abi=m64 --with-multilib-list=m32,m64,mx32 --enable-multilib --with-tune=generic --enable-offload-targets=nvptx-none --without-cuda-driver --enable-checking=release --build=x86_64-linux-gnu --host=x86_64-linux-gnu --target=x86_64-linux-gnu
Thread model: posix
gcc version 7.4.0 (Ubuntu 7.4.0-1ubuntu1~18.04.1) 
COMPILER_PATH=/usr/lib/gcc/x86_64-linux-gnu/7/:/usr/lib/gcc/x86_64-linux-gnu/7/:/usr/lib/gcc/x86_64-linux-gnu/:/usr/lib/gcc/x86_64-linux-gnu/7/:/usr/lib/gcc/x86_64-linux-gnu/
LIBRARY_PATH=/glob/development-tools/versions/oneapi/2021.2/inteloneapi/vpl/2021.2.2/lib/../lib/:/glob/development-tools/versions/oneapi/2021.2/inteloneapi/mpi/2021.2.0//libfabric/lib/../lib/:/glob/development-tools/versions/oneapi/2021.2/inteloneapi/mpi/2021.2.0//lib/../lib/:/glob/development-tools/versions/oneapi/2021.2/inteloneapi/dnnl/2021.2.0/cpu_dpcpp_gpu_dpcpp/lib/../lib/:/glob/development-tools/versions/oneapi/2021.2/inteloneapi/compiler/2021.2.0/linux/lib/../lib/:/usr/lib/gcc/x86_64-linux-gnu/7/:/usr/lib/gcc/x86_64-linux-gnu/7/../../../x86_64-linux-gnu/:/usr/lib/gcc/x86_64-linux-gnu/7/../../../../lib/:/lib/x86_64-linux-gnu/:/lib/../lib/:/usr/lib/x86_64-linux-gnu/:/usr/lib/../lib/:/glob/development-tools/versions/oneapi/2021.2/inteloneapi/vpl/2021.2.2/lib/:/glob/development-tools/versions/oneapi/2021.2/inteloneapi/tbb/2021.2.0/env/../lib/intel64/gcc4.8/:/glob/development-tools/versions/oneapi/2021.2/inteloneapi/mpi/2021.2.0//libfabric/lib/:/glob/development-tools/versions/oneapi/2021.2/inteloneapi/mpi/2021.2.0//lib/release/:/glob/development-tools/versions/oneapi/2021.2/inteloneapi/mpi/2021.2.0//lib/:/glob/development-tools/versions/oneapi/2021.2/inteloneapi/mkl/latest/lib/intel64/:/glob/development-tools/versions/oneapi/2021.2/inteloneapi/ippcp/2021.2.0/lib/intel64/:/glob/development-tools/versions/oneapi/2021.2/inteloneapi/ipp/2021.2.0/lib/intel64/:/glob/development-tools/versions/oneapi/2021.2/inteloneapi/dnnl/2021.2.0/cpu_dpcpp_gpu_dpcpp/lib/:/glob/development-tools/versions/oneapi/2021.2/inteloneapi/dal/2021.2.0/lib/intel64/:/glob/development-tools/versions/oneapi/2021.2/inteloneapi/compiler/2021.2.0/linux/compiler/lib/intel64_lin/:/glob/development-tools/versions/oneapi/2021.2/inteloneapi/compiler/2021.2.0/linux/lib/:/glob/development-tools/versions/oneapi/2021.2/inteloneapi/clck/2021.2.0/lib/intel64/:/glob/development-tools/versions/oneapi/2021.2/inteloneapi/ccl/2021.2.0/lib/cpu_gpu_dpcpp/:/usr/lib/gcc/x86_64-linux-gnu/7/../../../:/lib/:/usr/lib/
COLLECT_GCC_OPTIONS='-v' '-rdynamic' '-o' 'cmTC_226fe' '-shared-libgcc' '-mtune=generic' '-march=x86-64'
 /usr/lib/gcc/x86_64-linux-gnu/7/collect2 -plugin /usr/lib/gcc/x86_64-linux-gnu/7/liblto_plugin.so -plugin-opt=/usr/lib/gcc/x86_64-linux-gnu/7/lto-wrapper -plugin-opt=-fresolution=/home/u59809/tmp/ccGeDTvw.res -plugin-opt=-pass-through=-lgcc_s -plugin-opt=-pass-through=-lgcc -plugin-opt=-pass-through=-lc -plugin-opt=-pass-through=-lgcc_s -plugin-opt=-pass-through=-lgcc --sysroot=/ --build-id --eh-frame-hdr -m elf_x86_64 --hash-style=gnu --as-needed -export-dynamic -dynamic-linker /lib64/ld-linux-x86-64.so.2 -pie -z now -z relro -o cmTC_226fe /usr/lib/gcc/x86_64-linux-gnu/7/../../../x86_64-linux-gnu/Scrt1.o /usr/lib/gcc/x86_64-linux-gnu/7/../../../x86_64-linux-gnu/crti.o /usr/lib/gcc/x86_64-linux-gnu/7/crtbeginS.o -L/glob/development-tools/versions/oneapi/2021.2/inteloneapi/vpl/2021.2.2/lib/../lib -L/glob/development-tools/versions/oneapi/2021.2/inteloneapi/mpi/2021.2.0//libfabric/lib/../lib -L/glob/development-tools/versions/oneapi/2021.2/inteloneapi/mpi/2021.2.0//lib/../lib -L/glob/development-tools/versions/oneapi/2021.2/inteloneapi/dnnl/2021.2.0/cpu_dpcpp_gpu_dpcpp/lib/../lib -L/glob/development-tools/versions/oneapi/2021.2/inteloneapi/compiler/2021.2.0/linux/lib/../lib -L/usr/lib/gcc/x86_64-linux-gnu/7 -L/usr/lib/gcc/x86_64-linux-gnu/7/../../../x86_64-linux-gnu -L/usr/lib/gcc/x86_64-linux-gnu/7/../../../../lib -L/lib/x86_64-linux-gnu -L/lib/../lib -L/usr/lib/x86_64-linux-gnu -L/usr/lib/../lib -L/glob/development-tools/versions/oneapi/2021.2/inteloneapi/vpl/2021.2.2/lib -L/glob/development-tools/versions/oneapi/2021.2/inteloneapi/tbb/2021.2.0/env/../lib/intel64/gcc4.8 -L/glob/development-tools/versions/oneapi/2021.2/inteloneapi/mpi/2021.2.0//libfabric/lib -L/glob/development-tools/versions/oneapi/2021.2/inteloneapi/mpi/2021.2.0//lib/release -L/glob/development-tools/versions/oneapi/2021.2/inteloneapi/mpi/2021.2.0//lib -L/glob/development-tools/versions/oneapi/2021.2/inteloneapi/mkl/latest/lib/intel64 -L/glob/development-tools/versions/oneapi/2021.2/inteloneapi/ippcp/2021.2.0/lib/intel64 -L/glob/development-tools/versions/oneapi/2021.2/inteloneapi/ipp/2021.2.0/lib/intel64 -L/glob/development-tools/versions/oneapi/2021.2/inteloneapi/dnnl/2021.2.0/cpu_dpcpp_gpu_dpcpp/lib -L/glob/development-tools/versions/oneapi/2021.2/inteloneapi/dal/2021.2.0/lib/intel64 -L/glob/development-tools/versions/oneapi/2021.2/inteloneapi/compiler/2021.2.0/linux/compiler/lib/intel64_lin -L/glob/development-tools/versions/oneapi/2021.2/inteloneapi/compiler/2021.2.0/linux/lib -L/glob/development-tools/versions/oneapi/2021.2/inteloneapi/clck/2021.2.0/lib/intel64 -L/glob/development-tools/versions/oneapi/2021.2/inteloneapi/ccl/2021.2.0/lib/cpu_gpu_dpcpp -L/usr/lib/gcc/x86_64-linux-gnu/7/../../.. CMakeFiles/cmTC_226fe.dir/CMakeCXXCompilerABI.cpp.o -lstdc++ -lm -lgcc_s -lgcc -lc -lgcc_s -lgcc /usr/lib/gcc/x86_64-linux-gnu/7/crtendS.o /usr/lib/gcc/x86_64-linux-gnu/7/../../../x86_64-linux-gnu/crtn.o
COLLECT_GCC_OPTIONS='-v' '-rdynamic' '-o' 'cmTC_226fe' '-shared-libgcc' '-mtune=generic' '-march=x86-64'
make[1]: Leaving directory '/home/u59809/IntelOneAPI/src/oneAPI-samples/DPC++FPGA/Tutorials/GettingStarted/fpga_compile/src/build/CMakeFiles/CMakeTmp'


Parsed CXX implicit link information from above output:
  link line regex: [^( *|.*[/\])(ld|CMAKE_LINK_STARTFILE-NOTFOUND|([^/\]+-)?ld|collect2)[^/\]*( |$)]
  ignore line: [Change Dir: /home/u59809/IntelOneAPI/src/oneAPI-samples/DPC++FPGA/Tutorials/GettingStarted/fpga_compile/src/build/CMakeFiles/CMakeTmp]
  ignore line: []
  ignore line: [Run Build Command:"/usr/bin/make" "cmTC_226fe/fast"]
  ignore line: [/usr/bin/make -f CMakeFiles/cmTC_226fe.dir/build.make CMakeFiles/cmTC_226fe.dir/build]
  ignore line: [make[1]: Entering directory '/home/u59809/IntelOneAPI/src/oneAPI-samples/DPC++FPGA/Tutorials/GettingStarted/fpga_compile/src/build/CMakeFiles/CMakeTmp']
  ignore line: [Building CXX object CMakeFiles/cmTC_226fe.dir/CMakeCXXCompilerABI.cpp.o]
  ignore line: [/usr/bin/c++     -o CMakeFiles/cmTC_226fe.dir/CMakeCXXCompilerABI.cpp.o -c /usr/share/cmake-3.10/Modules/CMakeCXXCompilerABI.cpp]
  ignore line: [Linking CXX executable cmTC_226fe]
  ignore line: [/usr/bin/cmake -E cmake_link_script CMakeFiles/cmTC_226fe.dir/link.txt --verbose=1]
  ignore line: [/usr/bin/c++      -v -rdynamic CMakeFiles/cmTC_226fe.dir/CMakeCXXCompilerABI.cpp.o  -o cmTC_226fe ]
  ignore line: [Using built-in specs.]
  ignore line: [COLLECT_GCC=/usr/bin/c++]
  ignore line: [COLLECT_LTO_WRAPPER=/usr/lib/gcc/x86_64-linux-gnu/7/lto-wrapper]
  ignore line: [OFFLOAD_TARGET_NAMES=nvptx-none]
  ignore line: [OFFLOAD_TARGET_DEFAULT=1]
  ignore line: [Target: x86_64-linux-gnu]
  ignore line: [Configured with: ../src/configure -v --with-pkgversion='Ubuntu 7.4.0-1ubuntu1~18.04.1' --with-bugurl=file:///usr/share/doc/gcc-7/README.Bugs --enable-languages=c,ada,c++,go,brig,d,fortran,objc,obj-c++ --prefix=/usr --with-gcc-major-version-only --program-suffix=-7 --program-prefix=x86_64-linux-gnu- --enable-shared --enable-linker-build-id --libexecdir=/usr/lib --without-included-gettext --enable-threads=posix --libdir=/usr/lib --enable-nls --with-sysroot=/ --enable-clocale=gnu --enable-libstdcxx-debug --enable-libstdcxx-time=yes --with-default-libstdcxx-abi=new --enable-gnu-unique-object --disable-vtable-verify --enable-libmpx --enable-plugin --enable-default-pie --with-system-zlib --with-target-system-zlib --enable-objc-gc=auto --enable-multiarch --disable-werror --with-arch-32=i686 --with-abi=m64 --with-multilib-list=m32,m64,mx32 --enable-multilib --with-tune=generic --enable-offload-targets=nvptx-none --without-cuda-driver --enable-checking=release --build=x86_64-linux-gnu --host=x86_64-linux-gnu --target=x86_64-linux-gnu]
  ignore line: [Thread model: posix]
  ignore line: [gcc version 7.4.0 (Ubuntu 7.4.0-1ubuntu1~18.04.1) ]
  ignore line: [COMPILER_PATH=/usr/lib/gcc/x86_64-linux-gnu/7/:/usr/lib/gcc/x86_64-linux-gnu/7/:/usr/lib/gcc/x86_64-linux-gnu/:/usr/lib/gcc/x86_64-linux-gnu/7/:/usr/lib/gcc/x86_64-linux-gnu/]
  ignore line: [LIBRARY_PATH=/glob/development-tools/versions/oneapi/2021.2/inteloneapi/vpl/2021.2.2/lib/../lib/:/glob/development-tools/versions/oneapi/2021.2/inteloneapi/mpi/2021.2.0//libfabric/lib/../lib/:/glob/development-tools/versions/oneapi/2021.2/inteloneapi/mpi/2021.2.0//lib/../lib/:/glob/development-tools/versions/oneapi/2021.2/inteloneapi/dnnl/2021.2.0/cpu_dpcpp_gpu_dpcpp/lib/../lib/:/glob/development-tools/versions/oneapi/2021.2/inteloneapi/compiler/2021.2.0/linux/lib/../lib/:/usr/lib/gcc/x86_64-linux-gnu/7/:/usr/lib/gcc/x86_64-linux-gnu/7/../../../x86_64-linux-gnu/:/usr/lib/gcc/x86_64-linux-gnu/7/../../../../lib/:/lib/x86_64-linux-gnu/:/lib/../lib/:/usr/lib/x86_64-linux-gnu/:/usr/lib/../lib/:/glob/development-tools/versions/oneapi/2021.2/inteloneapi/vpl/2021.2.2/lib/:/glob/development-tools/versions/oneapi/2021.2/inteloneapi/tbb/2021.2.0/env/../lib/intel64/gcc4.8/:/glob/development-tools/versions/oneapi/2021.2/inteloneapi/mpi/2021.2.0//libfabric/lib/:/glob/development-tools/versions/oneapi/2021.2/inteloneapi/mpi/2021.2.0//lib/release/:/glob/development-tools/versions/oneapi/2021.2/inteloneapi/mpi/2021.2.0//lib/:/glob/development-tools/versions/oneapi/2021.2/inteloneapi/mkl/latest/lib/intel64/:/glob/development-tools/versions/oneapi/2021.2/inteloneapi/ippcp/2021.2.0/lib/intel64/:/glob/development-tools/versions/oneapi/2021.2/inteloneapi/ipp/2021.2.0/lib/intel64/:/glob/development-tools/versions/oneapi/2021.2/inteloneapi/dnnl/2021.2.0/cpu_dpcpp_gpu_dpcpp/lib/:/glob/development-tools/versions/oneapi/2021.2/inteloneapi/dal/2021.2.0/lib/intel64/:/glob/development-tools/versions/oneapi/2021.2/inteloneapi/compiler/2021.2.0/linux/compiler/lib/intel64_lin/:/glob/development-tools/versions/oneapi/2021.2/inteloneapi/compiler/2021.2.0/linux/lib/:/glob/development-tools/versions/oneapi/2021.2/inteloneapi/clck/2021.2.0/lib/intel64/:/glob/development-tools/versions/oneapi/2021.2/inteloneapi/ccl/2021.2.0/lib/cpu_gpu_dpcpp/:/usr/lib/gcc/x86_64-linux-gnu/7/../../../:/lib/:/usr/lib/]
  ignore line: [COLLECT_GCC_OPTIONS='-v' '-rdynamic' '-o' 'cmTC_226fe' '-shared-libgcc' '-mtune=generic' '-march=x86-64']
  link line: [ /usr/lib/gcc/x86_64-linux-gnu/7/collect2 -plugin /usr/lib/gcc/x86_64-linux-gnu/7/liblto_plugin.so -plugin-opt=/usr/lib/gcc/x86_64-linux-gnu/7/lto-wrapper -plugin-opt=-fresolution=/home/u59809/tmp/ccGeDTvw.res -plugin-opt=-pass-through=-lgcc_s -plugin-opt=-pass-through=-lgcc -plugin-opt=-pass-through=-lc -plugin-opt=-pass-through=-lgcc_s -plugin-opt=-pass-through=-lgcc --sysroot=/ --build-id --eh-frame-hdr -m elf_x86_64 --hash-style=gnu --as-needed -export-dynamic -dynamic-linker /lib64/ld-linux-x86-64.so.2 -pie -z now -z relro -o cmTC_226fe /usr/lib/gcc/x86_64-linux-gnu/7/../../../x86_64-linux-gnu/Scrt1.o /usr/lib/gcc/x86_64-linux-gnu/7/../../../x86_64-linux-gnu/crti.o /usr/lib/gcc/x86_64-linux-gnu/7/crtbeginS.o -L/glob/development-tools/versions/oneapi/2021.2/inteloneapi/vpl/2021.2.2/lib/../lib -L/glob/development-tools/versions/oneapi/2021.2/inteloneapi/mpi/2021.2.0//libfabric/lib/../lib -L/glob/development-tools/versions/oneapi/2021.2/inteloneapi/mpi/2021.2.0//lib/../lib -L/glob/development-tools/versions/oneapi/2021.2/inteloneapi/dnnl/2021.2.0/cpu_dpcpp_gpu_dpcpp/lib/../lib -L/glob/development-tools/versions/oneapi/2021.2/inteloneapi/compiler/2021.2.0/linux/lib/../lib -L/usr/lib/gcc/x86_64-linux-gnu/7 -L/usr/lib/gcc/x86_64-linux-gnu/7/../../../x86_64-linux-gnu -L/usr/lib/gcc/x86_64-linux-gnu/7/../../../../lib -L/lib/x86_64-linux-gnu -L/lib/../lib -L/usr/lib/x86_64-linux-gnu -L/usr/lib/../lib -L/glob/development-tools/versions/oneapi/2021.2/inteloneapi/vpl/2021.2.2/lib -L/glob/development-tools/versions/oneapi/2021.2/inteloneapi/tbb/2021.2.0/env/../lib/intel64/gcc4.8 -L/glob/development-tools/versions/oneapi/2021.2/inteloneapi/mpi/2021.2.0//libfabric/lib -L/glob/development-tools/versions/oneapi/2021.2/inteloneapi/mpi/2021.2.0//lib/release -L/glob/development-tools/versions/oneapi/2021.2/inteloneapi/mpi/2021.2.0//lib -L/glob/development-tools/versions/oneapi/2021.2/inteloneapi/mkl/latest/lib/intel64 -L/glob/development-tools/versions/oneapi/2021.2/inteloneapi/ippcp/2021.2.0/lib/intel64 -L/glob/development-tools/versions/oneapi/2021.2/inteloneapi/ipp/2021.2.0/lib/intel64 -L/glob/development-tools/versions/oneapi/2021.2/inteloneapi/dnnl/2021.2.0/cpu_dpcpp_gpu_dpcpp/lib -L/glob/development-tools/versions/oneapi/2021.2/inteloneapi/dal/2021.2.0/lib/intel64 -L/glob/development-tools/versions/oneapi/2021.2/inteloneapi/compiler/2021.2.0/linux/compiler/lib/intel64_lin -L/glob/development-tools/versions/oneapi/2021.2/inteloneapi/compiler/2021.2.0/linux/lib -L/glob/development-tools/versions/oneapi/2021.2/inteloneapi/clck/2021.2.0/lib/intel64 -L/glob/development-tools/versions/oneapi/2021.2/inteloneapi/ccl/2021.2.0/lib/cpu_gpu_dpcpp -L/usr/lib/gcc/x86_64-linux-gnu/7/../../.. CMakeFiles/cmTC_226fe.dir/CMakeCXXCompilerABI.cpp.o -lstdc++ -lm -lgcc_s -lgcc -lc -lgcc_s -lgcc /usr/lib/gcc/x86_64-linux-gnu/7/crtendS.o /usr/lib/gcc/x86_64-linux-gnu/7/../../../x86_64-linux-gnu/crtn.o]
    arg [/usr/lib/gcc/x86_64-linux-gnu/7/collect2] ==> ignore
    arg [-plugin] ==> ignore
    arg [/usr/lib/gcc/x86_64-linux-gnu/7/liblto_plugin.so] ==> ignore
    arg [-plugin-opt=/usr/lib/gcc/x86_64-linux-gnu/7/lto-wrapper] ==> ignore
    arg [-plugin-opt=-fresolution=/home/u59809/tmp/ccGeDTvw.res] ==> ignore
    arg [-plugin-opt=-pass-through=-lgcc_s] ==> ignore
    arg [-plugin-opt=-pass-through=-lgcc] ==> ignore
    arg [-plugin-opt=-pass-through=-lc] ==> ignore
    arg [-plugin-opt=-pass-through=-lgcc_s] ==> ignore
    arg [-plugin-opt=-pass-through=-lgcc] ==> ignore
    arg [--sysroot=/] ==> ignore
    arg [--build-id] ==> ignore
    arg [--eh-frame-hdr] ==> ignore
    arg [-m] ==> ignore
    arg [elf_x86_64] ==> ignore
    arg [--hash-style=gnu] ==> ignore
    arg [--as-needed] ==> ignore
    arg [-export-dynamic] ==> ignore
    arg [-dynamic-linker] ==> ignore
    arg [/lib64/ld-linux-x86-64.so.2] ==> ignore
    arg [-pie] ==> ignore
    arg [-znow] ==> ignore
    arg [-zrelro] ==> ignore
    arg [-o] ==> ignore
    arg [cmTC_226fe] ==> ignore
    arg [/usr/lib/gcc/x86_64-linux-gnu/7/../../../x86_64-linux-gnu/Scrt1.o] ==> ignore
    arg [/usr/lib/gcc/x86_64-linux-gnu/7/../../../x86_64-linux-gnu/crti.o] ==> ignore
    arg [/usr/lib/gcc/x86_64-linux-gnu/7/crtbeginS.o] ==> ignore
    arg [-L/glob/development-tools/versions/oneapi/2021.2/inteloneapi/vpl/2021.2.2/lib/../lib] ==> dir [/glob/development-tools/versions/oneapi/2021.2/inteloneapi/vpl/2021.2.2/lib/../lib]
    arg [-L/glob/development-tools/versions/oneapi/2021.2/inteloneapi/mpi/2021.2.0//libfabric/lib/../lib] ==> dir [/glob/development-tools/versions/oneapi/2021.2/inteloneapi/mpi/2021.2.0//libfabric/lib/../lib]
    arg [-L/glob/development-tools/versions/oneapi/2021.2/inteloneapi/mpi/2021.2.0//lib/../lib] ==> dir [/glob/development-tools/versions/oneapi/2021.2/inteloneapi/mpi/2021.2.0//lib/../lib]
    arg [-L/glob/development-tools/versions/oneapi/2021.2/inteloneapi/dnnl/2021.2.0/cpu_dpcpp_gpu_dpcpp/lib/../lib] ==> dir [/glob/development-tools/versions/oneapi/2021.2/inteloneapi/dnnl/2021.2.0/cpu_dpcpp_gpu_dpcpp/lib/../lib]
    arg [-L/glob/development-tools/versions/oneapi/2021.2/inteloneapi/compiler/2021.2.0/linux/lib/../lib] ==> dir [/glob/development-tools/versions/oneapi/2021.2/inteloneapi/compiler/2021.2.0/linux/lib/../lib]
    arg [-L/usr/lib/gcc/x86_64-linux-gnu/7] ==> dir [/usr/lib/gcc/x86_64-linux-gnu/7]
    arg [-L/usr/lib/gcc/x86_64-linux-gnu/7/../../../x86_64-linux-gnu] ==> dir [/usr/lib/gcc/x86_64-linux-gnu/7/../../../x86_64-linux-gnu]
    arg [-L/usr/lib/gcc/x86_64-linux-gnu/7/../../../../lib] ==> dir [/usr/lib/gcc/x86_64-linux-gnu/7/../../../../lib]
    arg [-L/lib/x86_64-linux-gnu] ==> dir [/lib/x86_64-linux-gnu]
    arg [-L/lib/../lib] ==> dir [/lib/../lib]
    arg [-L/usr/lib/x86_64-linux-gnu] ==> dir [/usr/lib/x86_64-linux-gnu]
    arg [-L/usr/lib/../lib] ==> dir [/usr/lib/../lib]
    arg [-L/glob/development-tools/versions/oneapi/2021.2/inteloneapi/vpl/2021.2.2/lib] ==> dir [/glob/development-tools/versions/oneapi/2021.2/inteloneapi/vpl/2021.2.2/lib]
    arg [-L/glob/development-tools/versions/oneapi/2021.2/inteloneapi/tbb/2021.2.0/env/../lib/intel64/gcc4.8] ==> dir [/glob/development-tools/versions/oneapi/2021.2/inteloneapi/tbb/2021.2.0/env/../lib/intel64/gcc4.8]
    arg [-L/glob/development-tools/versions/oneapi/2021.2/inteloneapi/mpi/2021.2.0//libfabric/lib] ==> dir [/glob/development-tools/versions/oneapi/2021.2/inteloneapi/mpi/2021.2.0//libfabric/lib]
    arg [-L/glob/development-tools/versions/oneapi/2021.2/inteloneapi/mpi/2021.2.0//lib/release] ==> dir [/glob/development-tools/versions/oneapi/2021.2/inteloneapi/mpi/2021.2.0//lib/release]
    arg [-L/glob/development-tools/versions/oneapi/2021.2/inteloneapi/mpi/2021.2.0//lib] ==> dir [/glob/development-tools/versions/oneapi/2021.2/inteloneapi/mpi/2021.2.0//lib]
    arg [-L/glob/development-tools/versions/oneapi/2021.2/inteloneapi/mkl/latest/lib/intel64] ==> dir [/glob/development-tools/versions/oneapi/2021.2/inteloneapi/mkl/latest/lib/intel64]
    arg [-L/glob/development-tools/versions/oneapi/2021.2/inteloneapi/ippcp/2021.2.0/lib/intel64] ==> dir [/glob/development-tools/versions/oneapi/2021.2/inteloneapi/ippcp/2021.2.0/lib/intel64]
    arg [-L/glob/development-tools/versions/oneapi/2021.2/inteloneapi/ipp/2021.2.0/lib/intel64] ==> dir [/glob/development-tools/versions/oneapi/2021.2/inteloneapi/ipp/2021.2.0/lib/intel64]
    arg [-L/glob/development-tools/versions/oneapi/2021.2/inteloneapi/dnnl/2021.2.0/cpu_dpcpp_gpu_dpcpp/lib] ==> dir [/glob/development-tools/versions/oneapi/2021.2/inteloneapi/dnnl/2021.2.0/cpu_dpcpp_gpu_dpcpp/lib]
    arg [-L/glob/development-tools/versions/oneapi/2021.2/inteloneapi/dal/2021.2.0/lib/intel64] ==> dir [/glob/development-tools/versions/oneapi/2021.2/inteloneapi/dal/2021.2.0/lib/intel64]
    arg [-L/glob/development-tools/versions/oneapi/2021.2/inteloneapi/compiler/2021.2.0/linux/compiler/lib/intel64_lin] ==> dir [/glob/development-tools/versions/oneapi/2021.2/inteloneapi/compiler/2021.2.0/linux/compiler/lib/intel64_lin]
    arg [-L/glob/development-tools/versions/oneapi/2021.2/inteloneapi/compiler/2021.2.0/linux/lib] ==> dir [/glob/development-tools/versions/oneapi/2021.2/inteloneapi/compiler/2021.2.0/linux/lib]
    arg [-L/glob/development-tools/versions/oneapi/2021.2/inteloneapi/clck/2021.2.0/lib/intel64] ==> dir [/glob/development-tools/versions/oneapi/2021.2/inteloneapi/clck/2021.2.0/lib/intel64]
    arg [-L/glob/development-tools/versions/oneapi/2021.2/inteloneapi/ccl/2021.2.0/lib/cpu_gpu_dpcpp] ==> dir [/glob/development-tools/versions/oneapi/2021.2/inteloneapi/ccl/2021.2.0/lib/cpu_gpu_dpcpp]
    arg [-L/usr/lib/gcc/x86_64-linux-gnu/7/../../..] ==> dir [/usr/lib/gcc/x86_64-linux-gnu/7/../../..]
    arg [CMakeFiles/cmTC_226fe.dir/CMakeCXXCompilerABI.cpp.o] ==> ignore
    arg [-lstdc++] ==> lib [stdc++]
    arg [-lm] ==> lib [m]
    arg [-lgcc_s] ==> lib [gcc_s]
    arg [-lgcc] ==> lib [gcc]
    arg [-lc] ==> lib [c]
    arg [-lgcc_s] ==> lib [gcc_s]
    arg [-lgcc] ==> lib [gcc]
    arg [/usr/lib/gcc/x86_64-linux-gnu/7/crtendS.o] ==> ignore
    arg [/usr/lib/gcc/x86_64-linux-gnu/7/../../../x86_64-linux-gnu/crtn.o] ==> ignore
  collapse library dir [/glob/development-tools/versions/oneapi/2021.2/inteloneapi/vpl/2021.2.2/lib/../lib] ==> [/glob/development-tools/versions/oneapi/2021.2/inteloneapi/vpl/2021.2.2/lib]
  collapse library dir [/glob/development-tools/versions/oneapi/2021.2/inteloneapi/mpi/2021.2.0//libfabric/lib/../lib] ==> [/glob/development-tools/versions/oneapi/2021.2/inteloneapi/mpi/2021.2.0/libfabric/lib]
  collapse library dir [/glob/development-tools/versions/oneapi/2021.2/inteloneapi/mpi/2021.2.0//lib/../lib] ==> [/glob/development-tools/versions/oneapi/2021.2/inteloneapi/mpi/2021.2.0/lib]
  collapse library dir [/glob/development-tools/versions/oneapi/2021.2/inteloneapi/dnnl/2021.2.0/cpu_dpcpp_gpu_dpcpp/lib/../lib] ==> [/glob/development-tools/versions/oneapi/2021.2/inteloneapi/dnnl/2021.2.0/cpu_dpcpp_gpu_dpcpp/lib]
  collapse library dir [/glob/development-tools/versions/oneapi/2021.2/inteloneapi/compiler/2021.2.0/linux/lib/../lib] ==> [/glob/development-tools/versions/oneapi/2021.2/inteloneapi/compiler/2021.2.0/linux/lib]
  collapse library dir [/usr/lib/gcc/x86_64-linux-gnu/7] ==> [/usr/lib/gcc/x86_64-linux-gnu/7]
  collapse library dir [/usr/lib/gcc/x86_64-linux-gnu/7/../../../x86_64-linux-gnu] ==> [/usr/lib/x86_64-linux-gnu]
  collapse library dir [/usr/lib/gcc/x86_64-linux-gnu/7/../../../../lib] ==> [/usr/lib]
  collapse library dir [/lib/x86_64-linux-gnu] ==> [/lib/x86_64-linux-gnu]
  collapse library dir [/lib/../lib] ==> [/lib]
  collapse library dir [/usr/lib/x86_64-linux-gnu] ==> [/usr/lib/x86_64-linux-gnu]
  collapse library dir [/usr/lib/../lib] ==> [/usr/lib]
  collapse library dir [/glob/development-tools/versions/oneapi/2021.2/inteloneapi/vpl/2021.2.2/lib] ==> [/glob/development-tools/versions/oneapi/2021.2/inteloneapi/vpl/2021.2.2/lib]
  collapse library dir [/glob/development-tools/versions/oneapi/2021.2/inteloneapi/tbb/2021.2.0/env/../lib/intel64/gcc4.8] ==> [/glob/development-tools/versions/oneapi/2021.2/inteloneapi/tbb/2021.2.0/lib/intel64/gcc4.8]
  collapse library dir [/glob/development-tools/versions/oneapi/2021.2/inteloneapi/mpi/2021.2.0//libfabric/lib] ==> [/glob/development-tools/versions/oneapi/2021.2/inteloneapi/mpi/2021.2.0/libfabric/lib]
  collapse library dir [/glob/development-tools/versions/oneapi/2021.2/inteloneapi/mpi/2021.2.0//lib/release] ==> [/glob/development-tools/versions/oneapi/2021.2/inteloneapi/mpi/2021.2.0/lib/release]
  collapse library dir [/glob/development-tools/versions/oneapi/2021.2/inteloneapi/mpi/2021.2.0//lib] ==> [/glob/development-tools/versions/oneapi/2021.2/inteloneapi/mpi/2021.2.0/lib]
  collapse library dir [/glob/development-tools/versions/oneapi/2021.2/inteloneapi/mkl/latest/lib/intel64] ==> [/glob/development-tools/versions/oneapi/2021.2/inteloneapi/mkl/latest/lib/intel64]
  collapse library dir [/glob/development-tools/versions/oneapi/2021.2/inteloneapi/ippcp/2021.2.0/lib/intel64] ==> [/glob/development-tools/versions/oneapi/2021.2/inteloneapi/ippcp/2021.2.0/lib/intel64]
  collapse library dir [/glob/development-tools/versions/oneapi/2021.2/inteloneapi/ipp/2021.2.0/lib/intel64] ==> [/glob/development-tools/versions/oneapi/2021.2/inteloneapi/ipp/2021.2.0/lib/intel64]
  collapse library dir [/glob/development-tools/versions/oneapi/2021.2/inteloneapi/dnnl/2021.2.0/cpu_dpcpp_gpu_dpcpp/lib] ==> [/glob/development-tools/versions/oneapi/2021.2/inteloneapi/dnnl/2021.2.0/cpu_dpcpp_gpu_dpcpp/lib]
  collapse library dir [/glob/development-tools/versions/oneapi/2021.2/inteloneapi/dal/2021.2.0/lib/intel64] ==> [/glob/development-tools/versions/oneapi/2021.2/inteloneapi/dal/2021.2.0/lib/intel64]
  collapse library dir [/glob/development-tools/versions/oneapi/2021.2/inteloneapi/compiler/2021.2.0/linux/compiler/lib/intel64_lin] ==> [/glob/development-tools/versions/oneapi/2021.2/inteloneapi/compiler/2021.2.0/linux/compiler/lib/intel64_lin]
  collapse library dir [/glob/development-tools/versions/oneapi/2021.2/inteloneapi/compiler/2021.2.0/linux/lib] ==> [/glob/development-tools/versions/oneapi/2021.2/inteloneapi/compiler/2021.2.0/linux/lib]
  collapse library dir [/glob/development-tools/versions/oneapi/2021.2/inteloneapi/clck/2021.2.0/lib/intel64] ==> [/glob/development-tools/versions/oneapi/2021.2/inteloneapi/clck/2021.2.0/lib/intel64]
  collapse library dir [/glob/development-tools/versions/oneapi/2021.2/inteloneapi/ccl/2021.2.0/lib/cpu_gpu_dpcpp] ==> [/glob/development-tools/versions/oneapi/2021.2/inteloneapi/ccl/2021.2.0/lib/cpu_gpu_dpcpp]
  collapse library dir [/usr/lib/gcc/x86_64-linux-gnu/7/../../..] ==> [/usr/lib]
  implicit libs: [stdc++;m;gcc_s;gcc;c;gcc_s;gcc]
  implicit dirs: [/glob/development-tools/versions/oneapi/2021.2/inteloneapi/vpl/2021.2.2/lib;/glob/development-tools/versions/oneapi/2021.2/inteloneapi/mpi/2021.2.0/libfabric/lib;/glob/development-tools/versions/oneapi/2021.2/inteloneapi/mpi/2021.2.0/lib;/glob/development-tools/versions/oneapi/2021.2/inteloneapi/dnnl/2021.2.0/cpu_dpcpp_gpu_dpcpp/lib;/glob/development-tools/versions/oneapi/2021.2/inteloneapi/compiler/2021.2.0/linux/lib;/usr/lib/gcc/x86_64-linux-gnu/7;/usr/lib/x86_64-linux-gnu;/usr/lib;/lib/x86_64-linux-gnu;/lib;/glob/development-tools/versions/oneapi/2021.2/inteloneapi/tbb/2021.2.0/lib/intel64/gcc4.8;/glob/development-tools/versions/oneapi/2021.2/inteloneapi/mpi/2021.2.0/lib/release;/glob/development-tools/versions/oneapi/2021.2/inteloneapi/mkl/latest/lib/intel64;/glob/development-tools/versions/oneapi/2021.2/inteloneapi/ippcp/2021.2.0/lib/intel64;/glob/development-tools/versions/oneapi/2021.2/inteloneapi/ipp/2021.2.0/lib/intel64;/glob/development-tools/versions/oneapi/2021.2/inteloneapi/dal/2021.2.0/lib/intel64;/glob/development-tools/versions/oneapi/2021.2/inteloneapi/compiler/2021.2.0/linux/compiler/lib/intel64_lin;/glob/development-tools/versions/oneapi/2021.2/inteloneapi/clck/2021.2.0/lib/intel64;/glob/development-tools/versions/oneapi/2021.2/inteloneapi/ccl/2021.2.0/lib/cpu_gpu_dpcpp]
  implicit fwks: []




Detecting CXX [-std=c++1z] compiler features compiled with the following output:
Change Dir: /home/u59809/IntelOneAPI/src/oneAPI-samples/DPC++FPGA/Tutorials/GettingStarted/fpga_compile/src/build/CMakeFiles/CMakeTmp

Run Build Command:"/usr/bin/make" "cmTC_946f7/fast"
/usr/bin/make -f CMakeFiles/cmTC_946f7.dir/build.make CMakeFiles/cmTC_946f7.dir/build
make[1]: Entering directory '/home/u59809/IntelOneAPI/src/oneAPI-samples/DPC++FPGA/Tutorials/GettingStarted/fpga_compile/src/build/CMakeFiles/CMakeTmp'
Building CXX object CMakeFiles/cmTC_946f7.dir/feature_tests.cxx.o
/usr/bin/c++    -std=c++1z -o CMakeFiles/cmTC_946f7.dir/feature_tests.cxx.o -c /home/u59809/IntelOneAPI/src/oneAPI-samples/DPC++FPGA/Tutorials/GettingStarted/fpga_compile/src/build/CMakeFiles/feature_tests.cxx
Linking CXX executable cmTC_946f7
/usr/bin/cmake -E cmake_link_script CMakeFiles/cmTC_946f7.dir/link.txt --verbose=1
/usr/bin/c++       -rdynamic CMakeFiles/cmTC_946f7.dir/feature_tests.cxx.o  -o cmTC_946f7 
make[1]: Leaving directory '/home/u59809/IntelOneAPI/src/oneAPI-samples/DPC++FPGA/Tutorials/GettingStarted/fpga_compile/src/build/CMakeFiles/CMakeTmp'


    Feature record: CXX_FEATURE:1cxx_aggregate_default_initializers
    Feature record: CXX_FEATURE:1cxx_alias_templates
    Feature record: CXX_FEATURE:1cxx_alignas
    Feature record: CXX_FEATURE:1cxx_alignof
    Feature record: CXX_FEATURE:1cxx_attributes
    Feature record: CXX_FEATURE:1cxx_attribute_deprecated
    Feature record: CXX_FEATURE:1cxx_auto_type
    Feature record: CXX_FEATURE:1cxx_binary_literals
    Feature record: CXX_FEATURE:1cxx_constexpr
    Feature record: CXX_FEATURE:1cxx_contextual_conversions
    Feature record: CXX_FEATURE:1cxx_decltype
    Feature record: CXX_FEATURE:1cxx_decltype_auto
    Feature record: CXX_FEATURE:1cxx_decltype_incomplete_return_types
    Feature record: CXX_FEATURE:1cxx_default_function_template_args
    Feature record: CXX_FEATURE:1cxx_defaulted_functions
    Feature record: CXX_FEATURE:1cxx_defaulted_move_initializers
    Feature record: CXX_FEATURE:1cxx_delegating_constructors
    Feature record: CXX_FEATURE:1cxx_deleted_functions
    Feature record: CXX_FEATURE:1cxx_digit_separators
    Feature record: CXX_FEATURE:1cxx_enum_forward_declarations
    Feature record: CXX_FEATURE:1cxx_explicit_conversions
    Feature record: CXX_FEATURE:1cxx_extended_friend_declarations
    Feature record: CXX_FEATURE:1cxx_extern_templates
    Feature record: CXX_FEATURE:1cxx_final
    Feature record: CXX_FEATURE:1cxx_func_identifier
    Feature record: CXX_FEATURE:1cxx_generalized_initializers
    Feature record: CXX_FEATURE:1cxx_generic_lambdas
    Feature record: CXX_FEATURE:1cxx_inheriting_constructors
    Feature record: CXX_FEATURE:1cxx_inline_namespaces
    Feature record: CXX_FEATURE:1cxx_lambdas
    Feature record: CXX_FEATURE:1cxx_lambda_init_captures
    Feature record: CXX_FEATURE:1cxx_local_type_template_args
    Feature record: CXX_FEATURE:1cxx_long_long_type
    Feature record: CXX_FEATURE:1cxx_noexcept
    Feature record: CXX_FEATURE:1cxx_nonstatic_member_init
    Feature record: CXX_FEATURE:1cxx_nullptr
    Feature record: CXX_FEATURE:1cxx_override
    Feature record: CXX_FEATURE:1cxx_range_for
    Feature record: CXX_FEATURE:1cxx_raw_string_literals
    Feature record: CXX_FEATURE:1cxx_reference_qualified_functions
    Feature record: CXX_FEATURE:1cxx_relaxed_constexpr
    Feature record: CXX_FEATURE:1cxx_return_type_deduction
    Feature record: CXX_FEATURE:1cxx_right_angle_brackets
    Feature record: CXX_FEATURE:1cxx_rvalue_references
    Feature record: CXX_FEATURE:1cxx_sizeof_member
    Feature record: CXX_FEATURE:1cxx_static_assert
    Feature record: CXX_FEATURE:1cxx_strong_enums
    Feature record: CXX_FEATURE:1cxx_template_template_parameters
    Feature record: CXX_FEATURE:1cxx_thread_local
    Feature record: CXX_FEATURE:1cxx_trailing_return_types
    Feature record: CXX_FEATURE:1cxx_unicode_literals
    Feature record: CXX_FEATURE:1cxx_uniform_initialization
    Feature record: CXX_FEATURE:1cxx_unrestricted_unions
    Feature record: CXX_FEATURE:1cxx_user_literals
    Feature record: CXX_FEATURE:1cxx_variable_templates
    Feature record: CXX_FEATURE:1cxx_variadic_macros
    Feature record: CXX_FEATURE:1cxx_variadic_templates


Detecting CXX [-std=c++14] compiler features compiled with the following output:
Change Dir: /home/u59809/IntelOneAPI/src/oneAPI-samples/DPC++FPGA/Tutorials/GettingStarted/fpga_compile/src/build/CMakeFiles/CMakeTmp

Run Build Command:"/usr/bin/make" "cmTC_748f3/fast"
/usr/bin/make -f CMakeFiles/cmTC_748f3.dir/build.make CMakeFiles/cmTC_748f3.dir/build
make[1]: Entering directory '/home/u59809/IntelOneAPI/src/oneAPI-samples/DPC++FPGA/Tutorials/GettingStarted/fpga_compile/src/build/CMakeFiles/CMakeTmp'
Building CXX object CMakeFiles/cmTC_748f3.dir/feature_tests.cxx.o
/usr/bin/c++    -std=c++14 -o CMakeFiles/cmTC_748f3.dir/feature_tests.cxx.o -c /home/u59809/IntelOneAPI/src/oneAPI-samples/DPC++FPGA/Tutorials/GettingStarted/fpga_compile/src/build/CMakeFiles/feature_tests.cxx
Linking CXX executable cmTC_748f3
/usr/bin/cmake -E cmake_link_script CMakeFiles/cmTC_748f3.dir/link.txt --verbose=1
/usr/bin/c++       -rdynamic CMakeFiles/cmTC_748f3.dir/feature_tests.cxx.o  -o cmTC_748f3 
make[1]: Leaving directory '/home/u59809/IntelOneAPI/src/oneAPI-samples/DPC++FPGA/Tutorials/GettingStarted/fpga_compile/src/build/CMakeFiles/CMakeTmp'


    Feature record: CXX_FEATURE:1cxx_aggregate_default_initializers
    Feature record: CXX_FEATURE:1cxx_alias_templates
    Feature record: CXX_FEATURE:1cxx_alignas
    Feature record: CXX_FEATURE:1cxx_alignof
    Feature record: CXX_FEATURE:1cxx_attributes
    Feature record: CXX_FEATURE:1cxx_attribute_deprecated
    Feature record: CXX_FEATURE:1cxx_auto_type
    Feature record: CXX_FEATURE:1cxx_binary_literals
    Feature record: CXX_FEATURE:1cxx_constexpr
    Feature record: CXX_FEATURE:1cxx_contextual_conversions
    Feature record: CXX_FEATURE:1cxx_decltype
    Feature record: CXX_FEATURE:1cxx_decltype_auto
    Feature record: CXX_FEATURE:1cxx_decltype_incomplete_return_types
    Feature record: CXX_FEATURE:1cxx_default_function_template_args
    Feature record: CXX_FEATURE:1cxx_defaulted_functions
    Feature record: CXX_FEATURE:1cxx_defaulted_move_initializers
    Feature record: CXX_FEATURE:1cxx_delegating_constructors
    Feature record: CXX_FEATURE:1cxx_deleted_functions
    Feature record: CXX_FEATURE:1cxx_digit_separators
    Feature record: CXX_FEATURE:1cxx_enum_forward_declarations
    Feature record: CXX_FEATURE:1cxx_explicit_conversions
    Feature record: CXX_FEATURE:1cxx_extended_friend_declarations
    Feature record: CXX_FEATURE:1cxx_extern_templates
    Feature record: CXX_FEATURE:1cxx_final
    Feature record: CXX_FEATURE:1cxx_func_identifier
    Feature record: CXX_FEATURE:1cxx_generalized_initializers
    Feature record: CXX_FEATURE:1cxx_generic_lambdas
    Feature record: CXX_FEATURE:1cxx_inheriting_constructors
    Feature record: CXX_FEATURE:1cxx_inline_namespaces
    Feature record: CXX_FEATURE:1cxx_lambdas
    Feature record: CXX_FEATURE:1cxx_lambda_init_captures
    Feature record: CXX_FEATURE:1cxx_local_type_template_args
    Feature record: CXX_FEATURE:1cxx_long_long_type
    Feature record: CXX_FEATURE:1cxx_noexcept
    Feature record: CXX_FEATURE:1cxx_nonstatic_member_init
    Feature record: CXX_FEATURE:1cxx_nullptr
    Feature record: CXX_FEATURE:1cxx_override
    Feature record: CXX_FEATURE:1cxx_range_for
    Feature record: CXX_FEATURE:1cxx_raw_string_literals
    Feature record: CXX_FEATURE:1cxx_reference_qualified_functions
    Feature record: CXX_FEATURE:1cxx_relaxed_constexpr
    Feature record: CXX_FEATURE:1cxx_return_type_deduction
    Feature record: CXX_FEATURE:1cxx_right_angle_brackets
    Feature record: CXX_FEATURE:1cxx_rvalue_references
    Feature record: CXX_FEATURE:1cxx_sizeof_member
    Feature record: CXX_FEATURE:1cxx_static_assert
    Feature record: CXX_FEATURE:1cxx_strong_enums
    Feature record: CXX_FEATURE:1cxx_template_template_parameters
    Feature record: CXX_FEATURE:1cxx_thread_local
    Feature record: CXX_FEATURE:1cxx_trailing_return_types
    Feature record: CXX_FEATURE:1cxx_unicode_literals
    Feature record: CXX_FEATURE:1cxx_uniform_initialization
    Feature record: CXX_FEATURE:1cxx_unrestricted_unions
    Feature record: CXX_FEATURE:1cxx_user_literals
    Feature record: CXX_FEATURE:1cxx_variable_templates
    Feature record: CXX_FEATURE:1cxx_variadic_macros
    Feature record: CXX_FEATURE:1cxx_variadic_templates


Detecting CXX [-std=c++11] compiler features compiled with the following output:
Change Dir: /home/u59809/IntelOneAPI/src/oneAPI-samples/DPC++FPGA/Tutorials/GettingStarted/fpga_compile/src/build/CMakeFiles/CMakeTmp

Run Build Command:"/usr/bin/make" "cmTC_152d2/fast"
/usr/bin/make -f CMakeFiles/cmTC_152d2.dir/build.make CMakeFiles/cmTC_152d2.dir/build
make[1]: Entering directory '/home/u59809/IntelOneAPI/src/oneAPI-samples/DPC++FPGA/Tutorials/GettingStarted/fpga_compile/src/build/CMakeFiles/CMakeTmp'
Building CXX object CMakeFiles/cmTC_152d2.dir/feature_tests.cxx.o
/usr/bin/c++    -std=c++11 -o CMakeFiles/cmTC_152d2.dir/feature_tests.cxx.o -c /home/u59809/IntelOneAPI/src/oneAPI-samples/DPC++FPGA/Tutorials/GettingStarted/fpga_compile/src/build/CMakeFiles/feature_tests.cxx
Linking CXX executable cmTC_152d2
/usr/bin/cmake -E cmake_link_script CMakeFiles/cmTC_152d2.dir/link.txt --verbose=1
/usr/bin/c++       -rdynamic CMakeFiles/cmTC_152d2.dir/feature_tests.cxx.o  -o cmTC_152d2 
make[1]: Leaving directory '/home/u59809/IntelOneAPI/src/oneAPI-samples/DPC++FPGA/Tutorials/GettingStarted/fpga_compile/src/build/CMakeFiles/CMakeTmp'


    Feature record: CXX_FEATURE:0cxx_aggregate_default_initializers
    Feature record: CXX_FEATURE:1cxx_alias_templates
    Feature record: CXX_FEATURE:1cxx_alignas
    Feature record: CXX_FEATURE:1cxx_alignof
    Feature record: CXX_FEATURE:1cxx_attributes
    Feature record: CXX_FEATURE:0cxx_attribute_deprecated
    Feature record: CXX_FEATURE:1cxx_auto_type
    Feature record: CXX_FEATURE:0cxx_binary_literals
    Feature record: CXX_FEATURE:1cxx_constexpr
    Feature record: CXX_FEATURE:0cxx_contextual_conversions
    Feature record: CXX_FEATURE:1cxx_decltype
    Feature record: CXX_FEATURE:0cxx_decltype_auto
    Feature record: CXX_FEATURE:1cxx_decltype_incomplete_return_types
    Feature record: CXX_FEATURE:1cxx_default_function_template_args
    Feature record: CXX_FEATURE:1cxx_defaulted_functions
    Feature record: CXX_FEATURE:1cxx_defaulted_move_initializers
    Feature record: CXX_FEATURE:1cxx_delegating_constructors
    Feature record: CXX_FEATURE:1cxx_deleted_functions
    Feature record: CXX_FEATURE:0cxx_digit_separators
    Feature record: CXX_FEATURE:1cxx_enum_forward_declarations
    Feature record: CXX_FEATURE:1cxx_explicit_conversions
    Feature record: CXX_FEATURE:1cxx_extended_friend_declarations
    Feature record: CXX_FEATURE:1cxx_extern_templates
    Feature record: CXX_FEATURE:1cxx_final
    Feature record: CXX_FEATURE:1cxx_func_identifier
    Feature record: CXX_FEATURE:1cxx_generalized_initializers
    Feature record: CXX_FEATURE:0cxx_generic_lambdas
    Feature record: CXX_FEATURE:1cxx_inheriting_constructors
    Feature record: CXX_FEATURE:1cxx_inline_namespaces
    Feature record: CXX_FEATURE:1cxx_lambdas
    Feature record: CXX_FEATURE:0cxx_lambda_init_captures
    Feature record: CXX_FEATURE:1cxx_local_type_template_args
    Feature record: CXX_FEATURE:1cxx_long_long_type
    Feature record: CXX_FEATURE:1cxx_noexcept
    Feature record: CXX_FEATURE:1cxx_nonstatic_member_init
    Feature record: CXX_FEATURE:1cxx_nullptr
    Feature record: CXX_FEATURE:1cxx_override
    Feature record: CXX_FEATURE:1cxx_range_for
    Feature record: CXX_FEATURE:1cxx_raw_string_literals
    Feature record: CXX_FEATURE:1cxx_reference_qualified_functions
    Feature record: CXX_FEATURE:0cxx_relaxed_constexpr
    Feature record: CXX_FEATURE:0cxx_return_type_deduction
    Feature record: CXX_FEATURE:1cxx_right_angle_brackets
    Feature record: CXX_FEATURE:1cxx_rvalue_references
    Feature record: CXX_FEATURE:1cxx_sizeof_member
    Feature record: CXX_FEATURE:1cxx_static_assert
    Feature record: CXX_FEATURE:1cxx_strong_enums
    Feature record: CXX_FEATURE:1cxx_template_template_parameters
    Feature record: CXX_FEATURE:1cxx_thread_local
    Feature record: CXX_FEATURE:1cxx_trailing_return_types
    Feature record: CXX_FEATURE:1cxx_unicode_literals
    Feature record: CXX_FEATURE:1cxx_uniform_initialization
    Feature record: CXX_FEATURE:1cxx_unrestricted_unions
    Feature record: CXX_FEATURE:1cxx_user_literals
    Feature record: CXX_FEATURE:0cxx_variable_templates
    Feature record: CXX_FEATURE:1cxx_variadic_macros
    Feature record: CXX_FEATURE:1cxx_variadic_templates


Detecting CXX [-std=c++98] compiler features compiled with the following output:
Change Dir: /home/u59809/IntelOneAPI/src/oneAPI-samples/DPC++FPGA/Tutorials/GettingStarted/fpga_compile/src/build/CMakeFiles/CMakeTmp

Run Build Command:"/usr/bin/make" "cmTC_18c6f/fast"
/usr/bin/make -f CMakeFiles/cmTC_18c6f.dir/build.make CMakeFiles/cmTC_18c6f.dir/build
make[1]: Entering directory '/home/u59809/IntelOneAPI/src/oneAPI-samples/DPC++FPGA/Tutorials/GettingStarted/fpga_compile/src/build/CMakeFiles/CMakeTmp'
Building CXX object CMakeFiles/cmTC_18c6f.dir/feature_tests.cxx.o
/usr/bin/c++    -std=c++98 -o CMakeFiles/cmTC_18c6f.dir/feature_tests.cxx.o -c /home/u59809/IntelOneAPI/src/oneAPI-samples/DPC++FPGA/Tutorials/GettingStarted/fpga_compile/src/build/CMakeFiles/feature_tests.cxx
Linking CXX executable cmTC_18c6f
/usr/bin/cmake -E cmake_link_script CMakeFiles/cmTC_18c6f.dir/link.txt --verbose=1
/usr/bin/c++       -rdynamic CMakeFiles/cmTC_18c6f.dir/feature_tests.cxx.o  -o cmTC_18c6f 
make[1]: Leaving directory '/home/u59809/IntelOneAPI/src/oneAPI-samples/DPC++FPGA/Tutorials/GettingStarted/fpga_compile/src/build/CMakeFiles/CMakeTmp'


    Feature record: CXX_FEATURE:0cxx_aggregate_default_initializers
    Feature record: CXX_FEATURE:0cxx_alias_templates
    Feature record: CXX_FEATURE:0cxx_alignas
    Feature record: CXX_FEATURE:0cxx_alignof
    Feature record: CXX_FEATURE:0cxx_attributes
    Feature record: CXX_FEATURE:0cxx_attribute_deprecated
    Feature record: CXX_FEATURE:0cxx_auto_type
    Feature record: CXX_FEATURE:0cxx_binary_literals
    Feature record: CXX_FEATURE:0cxx_constexpr
    Feature record: CXX_FEATURE:0cxx_contextual_conversions
    Feature record: CXX_FEATURE:0cxx_decltype
    Feature record: CXX_FEATURE:0cxx_decltype_auto
    Feature record: CXX_FEATURE:0cxx_decltype_incomplete_return_types
    Feature record: CXX_FEATURE:0cxx_default_function_template_args
    Feature record: CXX_FEATURE:0cxx_defaulted_functions
    Feature record: CXX_FEATURE:0cxx_defaulted_move_initializers
    Feature record: CXX_FEATURE:0cxx_delegating_constructors
    Feature record: CXX_FEATURE:0cxx_deleted_functions
    Feature record: CXX_FEATURE:0cxx_digit_separators
    Feature record: CXX_FEATURE:0cxx_enum_forward_declarations
    Feature record: CXX_FEATURE:0cxx_explicit_conversions
    Feature record: CXX_FEATURE:0cxx_extended_friend_declarations
    Feature record: CXX_FEATURE:0cxx_extern_templates
    Feature record: CXX_FEATURE:0cxx_final
    Feature record: CXX_FEATURE:0cxx_func_identifier
    Feature record: CXX_FEATURE:0cxx_generalized_initializers
    Feature record: CXX_FEATURE:0cxx_generic_lambdas
    Feature record: CXX_FEATURE:0cxx_inheriting_constructors
    Feature record: CXX_FEATURE:0cxx_inline_namespaces
    Feature record: CXX_FEATURE:0cxx_lambdas
    Feature record: CXX_FEATURE:0cxx_lambda_init_captures
    Feature record: CXX_FEATURE:0cxx_local_type_template_args
    Feature record: CXX_FEATURE:0cxx_long_long_type
    Feature record: CXX_FEATURE:0cxx_noexcept
    Feature record: CXX_FEATURE:0cxx_nonstatic_member_init
    Feature record: CXX_FEATURE:0cxx_nullptr
    Feature record: CXX_FEATURE:0cxx_override
    Feature record: CXX_FEATURE:0cxx_range_for
    Feature record: CXX_FEATURE:0cxx_raw_string_literals
    Feature record: CXX_FEATURE:0cxx_reference_qualified_functions
    Feature record: CXX_FEATURE:0cxx_relaxed_constexpr
    Feature record: CXX_FEATURE:0cxx_return_type_deduction
    Feature record: CXX_FEATURE:0cxx_right_angle_brackets
    Feature record: CXX_FEATURE:0cxx_rvalue_references
    Feature record: CXX_FEATURE:0cxx_sizeof_member
    Feature record: CXX_FEATURE:0cxx_static_assert
    Feature record: CXX_FEATURE:0cxx_strong_enums
    Feature record: CXX_FEATURE:1cxx_template_template_parameters
    Feature record: CXX_FEATURE:0cxx_thread_local
    Feature record: CXX_FEATURE:0cxx_trailing_return_types
    Feature record: CXX_FEATURE:0cxx_unicode_literals
    Feature record: CXX_FEATURE:0cxx_uniform_initialization
    Feature record: CXX_FEATURE:0cxx_unrestricted_unions
    Feature record: CXX_FEATURE:0cxx_user_literals
    Feature record: CXX_FEATURE:0cxx_variable_templates
    Feature record: CXX_FEATURE:0cxx_variadic_macros
    Feature record: CXX_FEATURE:0cxx_variadic_templates
